Loading required package: Rcpp
Registered S3 methods overwritten by 'ggplot2':
  method         from 
  [.quosures     rlang
  c.quosures     rlang
  print.quosures rlang
Loading counts from /projectnb/cepinet/users/zhiyuanzhu/leafcutter/Step2_Python_Cluster/testADvsCTRL_perind_numers.counts.gz 
Loading metadata from /projectnb/cepinet/users/zhiyuanzhu/leafcutter/Step3_Differential_Analysis/groups_file.txt 
Error in `[.data.frame`(counts, , meta$sample) : 
  undefined columns selected
Calls: [ -> [.data.frame
Execution halted
/var/spool/sge/scc-vd4/job_scripts/2851750: line 16: syntax error near unexpected token `done'
/var/spool/sge/scc-vd4/job_scripts/2851750: line 16: `done'
Loading required package: Rcpp
Registered S3 methods overwritten by 'ggplot2':
  method         from 
  [.quosures     rlang
  c.quosures     rlang
  print.quosures rlang
Loading counts from /projectnb/cepinet/users/zhiyuanzhu/leafcutter/Step2_Python_Cluster/testADvsCTRL_perind_numers.counts.gz 
Loading metadata from /projectnb/cepinet/users/zhiyuanzhu/leafcutter/Step3_Differential_Analysis/groups_file.txt 
Encoding as AD =0, CTRL =1
Loading required package: doMC
Loading required package: foreach
Loading required package: iterators
Loading required package: parallel
Settings:
$output_prefix
[1] "leafcutter_ds"

$max_cluster_size
[1] Inf

$min_samples_per_intron
[1] 5

$min_samples_per_group
[1] 3

$min_coverage
[1] 20

$timeout
[1] 30

$num_threads
[1] 8

$exon_file
[1] "/projectnb/cepinet/users/zhiyuanzhu/leafcutter/Step3_Differential_Analysis/output_exons.txt.gz"

$init
[1] "smart"

$seed
[1] 12345

$help
[1] FALSE

Running differential splicing analysis...
Differential splicing summary:
                                             statuses Freq
1 <2 introns used in >=min_samples_per_intron samples   10
2               <=1 sample with coverage>min_coverage 2737
3                            Not enough valid samples 1230
4                                             Success 6090
Saving results...
Loading exons from /projectnb/cepinet/users/zhiyuanzhu/leafcutter/Step3_Differential_Analysis/output_exons.txt.gz 
All done, exiting
