2021-09-15 01:08:11,438 (PID:12275) - INFO - Majiq Build v2.2-<hash_not_found>
2021-09-15 01:08:11,439 (PID:12275) - INFO - Command: /home/pjewell/majiq/env_3.8/bin/majiq build -o output/build -c settings.ini --min-experiments 1 gff3/ensembl.Homo_sapiens.GRCh38.94.subset.gff3.gz
2021-09-15 01:08:11,440 (PID:12275) - INFO - Parsing GFF3
2021-09-15 01:08:12,274 (PID:12275) - INFO - Reading bamfiles
2021-09-15 01:08:12,276 (PID:12275) - INFO - Group ENCSR939BTN, number of experiments: 2, minexperiments: 1
2021-09-15 01:08:12,276 (PID:12275) - INFO - Reading bam file bam/ENCSR939BTN.rep1.subset.bam
2021-09-15 01:08:12,298 (PID:12275) - INFO - Detect Intron retention ENCSR939BTN.rep1.subset
2021-09-15 01:08:12,312 (PID:12275) - INFO - Done Reading file ENCSR939BTN.rep1.subset
2021-09-15 01:08:12,327 (PID:12275) - INFO - Reading bam file bam/ENCSR939BTN.rep2.subset.bam
2021-09-15 01:08:12,343 (PID:12275) - INFO - Detect Intron retention ENCSR939BTN.rep2.subset
2021-09-15 01:08:12,358 (PID:12275) - INFO - Done Reading file ENCSR939BTN.rep2.subset
2021-09-15 01:08:12,369 (PID:12275) - INFO - Group ENCSR905NIK, number of experiments: 2, minexperiments: 1
2021-09-15 01:08:12,370 (PID:12275) - INFO - Reading bam file bam/ENCSR905NIK.rep1.subset.bam
2021-09-15 01:08:12,401 (PID:12275) - INFO - Detect Intron retention ENCSR905NIK.rep1.subset
2021-09-15 01:08:12,438 (PID:12275) - INFO - Done Reading file ENCSR905NIK.rep1.subset
2021-09-15 01:08:12,452 (PID:12275) - INFO - Reading bam file bam/ENCSR905NIK.rep2.subset.bam
2021-09-15 01:08:12,486 (PID:12275) - INFO - Detect Intron retention ENCSR905NIK.rep2.subset
2021-09-15 01:08:12,517 (PID:12275) - INFO - Done Reading file ENCSR905NIK.rep2.subset
2021-09-15 01:08:12,528 (PID:12275) - INFO - Group ENCSR929JKA, number of experiments: 2, minexperiments: 1
2021-09-15 01:08:12,528 (PID:12275) - INFO - Reading bam file bam/ENCSR929JKA.rep1.subset.bam
2021-09-15 01:08:12,563 (PID:12275) - INFO - Detect Intron retention ENCSR929JKA.rep1.subset
2021-09-15 01:08:12,606 (PID:12275) - INFO - Done Reading file ENCSR929JKA.rep1.subset
2021-09-15 01:08:12,616 (PID:12275) - INFO - Reading bam file bam/ENCSR929JKA.rep2.subset.bam
2021-09-15 01:08:12,659 (PID:12275) - INFO - Detect Intron retention ENCSR929JKA.rep2.subset
2021-09-15 01:08:12,704 (PID:12275) - INFO - Done Reading file ENCSR929JKA.rep2.subset
2021-09-15 01:08:12,715 (PID:12275) - INFO - Group ENCSR471INA, number of experiments: 2, minexperiments: 1
2021-09-15 01:08:12,715 (PID:12275) - INFO - Reading bam file bam/ENCSR471INA.rep1.subset.bam
2021-09-15 01:08:12,743 (PID:12275) - INFO - Detect Intron retention ENCSR471INA.rep1.subset
2021-09-15 01:08:12,770 (PID:12275) - INFO - Done Reading file ENCSR471INA.rep1.subset
2021-09-15 01:08:12,781 (PID:12275) - INFO - Reading bam file bam/ENCSR471INA.rep2.subset.bam
2021-09-15 01:08:12,801 (PID:12275) - INFO - Detect Intron retention ENCSR471INA.rep2.subset
2021-09-15 01:08:12,819 (PID:12275) - INFO - Done Reading file ENCSR471INA.rep2.subset
2021-09-15 01:08:12,829 (PID:12275) - INFO - Group ENCSR005JBU, number of experiments: 1, minexperiments: 1
2021-09-15 01:08:12,830 (PID:12275) - INFO - Reading bam file bam/ENCSR005JBU.rep2.subset.bam
2021-09-15 01:08:12,854 (PID:12275) - INFO - Detect Intron retention ENCSR005JBU.rep2.subset
2021-09-15 01:08:12,880 (PID:12275) - INFO - Done Reading file ENCSR005JBU.rep2.subset
2021-09-15 01:08:12,892 (PID:12275) - INFO - Group ENCSR772DUM, number of experiments: 2, minexperiments: 1
2021-09-15 01:08:12,892 (PID:12275) - INFO - Reading bam file bam/ENCSR772DUM.rep1.subset.bam
2021-09-15 01:08:12,916 (PID:12275) - INFO - Detect Intron retention ENCSR772DUM.rep1.subset
2021-09-15 01:08:12,939 (PID:12275) - INFO - Done Reading file ENCSR772DUM.rep1.subset
2021-09-15 01:08:12,951 (PID:12275) - INFO - Reading bam file bam/ENCSR772DUM.rep2.subset.bam
2021-09-15 01:08:12,975 (PID:12275) - INFO - Detect Intron retention ENCSR772DUM.rep2.subset
2021-09-15 01:08:12,999 (PID:12275) - INFO - Done Reading file ENCSR772DUM.rep2.subset
2021-09-15 01:08:13,009 (PID:12275) - INFO - Group ENCSR015KGT, number of experiments: 1, minexperiments: 1
2021-09-15 01:08:13,009 (PID:12275) - INFO - Reading bam file bam/ENCSR015KGT.rep1.subset.bam
2021-09-15 01:08:13,063 (PID:12275) - INFO - Detect Intron retention ENCSR015KGT.rep1.subset
2021-09-15 01:08:13,128 (PID:12275) - INFO - Done Reading file ENCSR015KGT.rep1.subset
2021-09-15 01:08:13,139 (PID:12275) - INFO - Group ENCSR163JUC, number of experiments: 1, minexperiments: 1
2021-09-15 01:08:13,140 (PID:12275) - INFO - Reading bam file bam/ENCSR163JUC.rep2.subset.bam
2021-09-15 01:08:13,166 (PID:12275) - INFO - Detect Intron retention ENCSR163JUC.rep2.subset
2021-09-15 01:08:13,190 (PID:12275) - INFO - Done Reading file ENCSR163JUC.rep2.subset
2021-09-15 01:08:13,201 (PID:12275) - INFO - Group ENCSR805TIZ, number of experiments: 2, minexperiments: 1
2021-09-15 01:08:13,201 (PID:12275) - INFO - Reading bam file bam/ENCSR805TIZ.rep1.subset.bam
2021-09-15 01:08:13,217 (PID:12275) - INFO - Detect Intron retention ENCSR805TIZ.rep1.subset
2021-09-15 01:08:13,230 (PID:12275) - INFO - Done Reading file ENCSR805TIZ.rep1.subset
2021-09-15 01:08:13,266 (PID:12275) - INFO - Reading bam file bam/ENCSR805TIZ.rep2.subset.bam
2021-09-15 01:08:13,323 (PID:12275) - INFO - Detect Intron retention ENCSR805TIZ.rep2.subset
2021-09-15 01:08:13,383 (PID:12275) - INFO - Done Reading file ENCSR805TIZ.rep2.subset
2021-09-15 01:08:13,395 (PID:12275) - INFO - Group ENCSR853AOV, number of experiments: 2, minexperiments: 1
2021-09-15 01:08:13,396 (PID:12275) - INFO - Reading bam file bam/ENCSR853AOV.rep1.subset.bam
2021-09-15 01:08:13,441 (PID:12275) - INFO - Detect Intron retention ENCSR853AOV.rep1.subset
2021-09-15 01:08:13,488 (PID:12275) - INFO - Done Reading file ENCSR853AOV.rep1.subset
2021-09-15 01:08:13,500 (PID:12275) - INFO - Reading bam file bam/ENCSR853AOV.rep2.subset.bam
2021-09-15 01:08:13,526 (PID:12275) - INFO - Detect Intron retention ENCSR853AOV.rep2.subset
2021-09-15 01:08:13,541 (PID:12275) - INFO - Done Reading file ENCSR853AOV.rep2.subset
2021-09-15 01:08:13,551 (PID:12275) - INFO - Group ENCSR105NML, number of experiments: 1, minexperiments: 1
2021-09-15 01:08:13,552 (PID:12275) - INFO - Reading bam file bam/ENCSR105NML.rep1.subset.bam
2021-09-15 01:08:13,572 (PID:12275) - INFO - Detect Intron retention ENCSR105NML.rep1.subset
2021-09-15 01:08:13,591 (PID:12275) - INFO - Done Reading file ENCSR105NML.rep1.subset
2021-09-15 01:08:13,602 (PID:12275) - INFO - Group ENCSR194SPW, number of experiments: 1, minexperiments: 1
2021-09-15 01:08:13,603 (PID:12275) - INFO - Reading bam file bam/ENCSR194SPW.rep2.subset.bam
2021-09-15 01:08:13,622 (PID:12275) - INFO - Detect Intron retention ENCSR194SPW.rep2.subset
2021-09-15 01:08:13,640 (PID:12275) - INFO - Done Reading file ENCSR194SPW.rep2.subset
2021-09-15 01:08:13,653 (PID:12275) - INFO - Detecting LSVs ngenes: 8 
2021-09-15 01:08:13,735 (PID:12275) - INFO - 128 LSV found
2021-09-15 01:08:13,736 (PID:12275) - INFO - DUMP file b'ENCSR939BTN.rep1.subset'
2021-09-15 01:08:13,780 (PID:12275) - INFO - Create majiq file
2021-09-15 01:08:13,786 (PID:12275) - INFO - Dump majiq file
2021-09-15 01:08:13,798 (PID:12275) - INFO - ENCSR939BTN.rep1.subset: 110 LSVs
2021-09-15 01:08:13,798 (PID:12275) - INFO - DUMP file b'ENCSR939BTN.rep2.subset'
2021-09-15 01:08:13,822 (PID:12275) - INFO - Create majiq file
2021-09-15 01:08:13,827 (PID:12275) - INFO - Dump majiq file
2021-09-15 01:08:13,838 (PID:12275) - INFO - ENCSR939BTN.rep2.subset: 110 LSVs
2021-09-15 01:08:13,838 (PID:12275) - INFO - DUMP file b'ENCSR905NIK.rep1.subset'
2021-09-15 01:08:13,868 (PID:12275) - INFO - Create majiq file
2021-09-15 01:08:13,873 (PID:12275) - INFO - Dump majiq file
2021-09-15 01:08:13,884 (PID:12275) - INFO - ENCSR905NIK.rep1.subset: 110 LSVs
2021-09-15 01:08:13,885 (PID:12275) - INFO - DUMP file b'ENCSR905NIK.rep2.subset'
2021-09-15 01:08:13,920 (PID:12275) - INFO - Create majiq file
2021-09-15 01:08:13,926 (PID:12275) - INFO - Dump majiq file
2021-09-15 01:08:13,987 (PID:12275) - INFO - ENCSR905NIK.rep2.subset: 110 LSVs
2021-09-15 01:08:13,987 (PID:12275) - INFO - DUMP file b'ENCSR929JKA.rep1.subset'
2021-09-15 01:08:14,007 (PID:12275) - INFO - Create majiq file
2021-09-15 01:08:14,012 (PID:12275) - INFO - Dump majiq file
2021-09-15 01:08:14,025 (PID:12275) - INFO - ENCSR929JKA.rep1.subset: 110 LSVs
2021-09-15 01:08:14,025 (PID:12275) - INFO - DUMP file b'ENCSR929JKA.rep2.subset'
2021-09-15 01:08:14,050 (PID:12275) - INFO - Create majiq file
2021-09-15 01:08:14,055 (PID:12275) - INFO - Dump majiq file
2021-09-15 01:08:14,067 (PID:12275) - INFO - ENCSR929JKA.rep2.subset: 110 LSVs
2021-09-15 01:08:14,068 (PID:12275) - INFO - DUMP file b'ENCSR471INA.rep1.subset'
2021-09-15 01:08:14,093 (PID:12275) - INFO - Create majiq file
2021-09-15 01:08:14,098 (PID:12275) - INFO - Dump majiq file
2021-09-15 01:08:14,112 (PID:12275) - INFO - ENCSR471INA.rep1.subset: 110 LSVs
2021-09-15 01:08:14,112 (PID:12275) - INFO - DUMP file b'ENCSR471INA.rep2.subset'
2021-09-15 01:08:14,136 (PID:12275) - INFO - Create majiq file
2021-09-15 01:08:14,141 (PID:12275) - INFO - Dump majiq file
2021-09-15 01:08:14,153 (PID:12275) - INFO - ENCSR471INA.rep2.subset: 110 LSVs
2021-09-15 01:08:14,153 (PID:12275) - INFO - DUMP file b'ENCSR005JBU.rep2.subset'
2021-09-15 01:08:14,181 (PID:12275) - INFO - Create majiq file
2021-09-15 01:08:14,186 (PID:12275) - INFO - Dump majiq file
2021-09-15 01:08:14,197 (PID:12275) - INFO - ENCSR005JBU.rep2.subset: 110 LSVs
2021-09-15 01:08:14,198 (PID:12275) - INFO - DUMP file b'ENCSR772DUM.rep1.subset'
2021-09-15 01:08:14,226 (PID:12275) - INFO - Create majiq file
2021-09-15 01:08:14,232 (PID:12275) - INFO - Dump majiq file
2021-09-15 01:08:14,245 (PID:12275) - INFO - ENCSR772DUM.rep1.subset: 110 LSVs
2021-09-15 01:08:14,246 (PID:12275) - INFO - DUMP file b'ENCSR772DUM.rep2.subset'
2021-09-15 01:08:14,275 (PID:12275) - INFO - Create majiq file
2021-09-15 01:08:14,282 (PID:12275) - INFO - Dump majiq file
2021-09-15 01:08:14,371 (PID:12275) - INFO - ENCSR772DUM.rep2.subset: 110 LSVs
2021-09-15 01:08:14,372 (PID:12275) - INFO - DUMP file b'ENCSR015KGT.rep1.subset'
2021-09-15 01:08:14,399 (PID:12275) - INFO - Create majiq file
2021-09-15 01:08:14,404 (PID:12275) - INFO - Dump majiq file
2021-09-15 01:08:14,416 (PID:12275) - INFO - ENCSR015KGT.rep1.subset: 110 LSVs
2021-09-15 01:08:14,416 (PID:12275) - INFO - DUMP file b'ENCSR163JUC.rep2.subset'
2021-09-15 01:08:14,446 (PID:12275) - INFO - Create majiq file
2021-09-15 01:08:14,452 (PID:12275) - INFO - Dump majiq file
2021-09-15 01:08:14,464 (PID:12275) - INFO - ENCSR163JUC.rep2.subset: 110 LSVs
2021-09-15 01:08:14,464 (PID:12275) - INFO - DUMP file b'ENCSR805TIZ.rep1.subset'
2021-09-15 01:08:14,487 (PID:12275) - INFO - Create majiq file
2021-09-15 01:08:14,492 (PID:12275) - INFO - Dump majiq file
2021-09-15 01:08:14,503 (PID:12275) - INFO - ENCSR805TIZ.rep1.subset: 110 LSVs
2021-09-15 01:08:14,504 (PID:12275) - INFO - DUMP file b'ENCSR805TIZ.rep2.subset'
2021-09-15 01:08:14,540 (PID:12275) - INFO - Create majiq file
2021-09-15 01:08:14,545 (PID:12275) - INFO - Dump majiq file
2021-09-15 01:08:14,558 (PID:12275) - INFO - ENCSR805TIZ.rep2.subset: 110 LSVs
2021-09-15 01:08:14,558 (PID:12275) - INFO - DUMP file b'ENCSR853AOV.rep1.subset'
2021-09-15 01:08:14,584 (PID:12275) - INFO - Create majiq file
2021-09-15 01:08:14,589 (PID:12275) - INFO - Dump majiq file
2021-09-15 01:08:14,601 (PID:12275) - INFO - ENCSR853AOV.rep1.subset: 110 LSVs
2021-09-15 01:08:14,601 (PID:12275) - INFO - DUMP file b'ENCSR853AOV.rep2.subset'
2021-09-15 01:08:14,622 (PID:12275) - INFO - Create majiq file
2021-09-15 01:08:14,627 (PID:12275) - INFO - Dump majiq file
2021-09-15 01:08:14,676 (PID:12275) - INFO - ENCSR853AOV.rep2.subset: 110 LSVs
2021-09-15 01:08:14,676 (PID:12275) - INFO - DUMP file b'ENCSR105NML.rep1.subset'
2021-09-15 01:08:14,702 (PID:12275) - INFO - Create majiq file
2021-09-15 01:08:14,707 (PID:12275) - INFO - Dump majiq file
2021-09-15 01:08:14,719 (PID:12275) - INFO - ENCSR105NML.rep1.subset: 110 LSVs
2021-09-15 01:08:14,720 (PID:12275) - INFO - DUMP file b'ENCSR194SPW.rep2.subset'
2021-09-15 01:08:14,745 (PID:12275) - INFO - Create majiq file
2021-09-15 01:08:14,750 (PID:12275) - INFO - Dump majiq file
2021-09-15 01:08:14,762 (PID:12275) - INFO - ENCSR194SPW.rep2.subset: 110 LSVs
2021-09-15 01:08:14,899 (PID:12275) - INFO - MAJIQ Builder is ended successfully!
2021-09-15 01:13:36,828 (PID:13292) - INFO - Majiq Build v2.2-<hash_not_found>
2021-09-15 01:13:36,831 (PID:13292) - INFO - Command: /home/pjewell/majiq/env_3.8/bin/majiq build -o output/build -c settings.ini --min-experiments 1 gff3/ensembl.Homo_sapiens.GRCh38.94.subset.gff3.gz
2021-09-15 01:13:36,831 (PID:13292) - INFO - Parsing GFF3
2021-09-15 01:13:37,557 (PID:13292) - INFO - Reading bamfiles
2021-09-15 01:13:37,560 (PID:13292) - INFO - Group ENCSR939BTN, number of experiments: 2, minexperiments: 1
2021-09-15 01:13:37,561 (PID:13292) - INFO - Reading bam file bam/ENCSR939BTN.rep1.subset.bam
2021-09-15 01:13:37,575 (PID:13292) - INFO - Detect Intron retention ENCSR939BTN.rep1.subset
2021-09-15 01:13:37,590 (PID:13292) - INFO - Done Reading file ENCSR939BTN.rep1.subset
2021-09-15 01:13:37,607 (PID:13292) - INFO - Reading bam file bam/ENCSR939BTN.rep2.subset.bam
2021-09-15 01:13:37,622 (PID:13292) - INFO - Detect Intron retention ENCSR939BTN.rep2.subset
2021-09-15 01:13:37,635 (PID:13292) - INFO - Done Reading file ENCSR939BTN.rep2.subset
2021-09-15 01:13:37,645 (PID:13292) - INFO - Group ENCSR905NIK, number of experiments: 2, minexperiments: 1
2021-09-15 01:13:37,645 (PID:13292) - INFO - Reading bam file bam/ENCSR905NIK.rep1.subset.bam
2021-09-15 01:13:37,676 (PID:13292) - INFO - Detect Intron retention ENCSR905NIK.rep1.subset
2021-09-15 01:13:37,711 (PID:13292) - INFO - Done Reading file ENCSR905NIK.rep1.subset
2021-09-15 01:13:37,721 (PID:13292) - INFO - Reading bam file bam/ENCSR905NIK.rep2.subset.bam
2021-09-15 01:13:37,753 (PID:13292) - INFO - Detect Intron retention ENCSR905NIK.rep2.subset
2021-09-15 01:13:37,789 (PID:13292) - INFO - Done Reading file ENCSR905NIK.rep2.subset
2021-09-15 01:13:37,800 (PID:13292) - INFO - Group ENCSR929JKA, number of experiments: 2, minexperiments: 1
2021-09-15 01:13:37,800 (PID:13292) - INFO - Reading bam file bam/ENCSR929JKA.rep1.subset.bam
2021-09-15 01:13:37,839 (PID:13292) - INFO - Detect Intron retention ENCSR929JKA.rep1.subset
2021-09-15 01:13:37,878 (PID:13292) - INFO - Done Reading file ENCSR929JKA.rep1.subset
2021-09-15 01:13:37,887 (PID:13292) - INFO - Reading bam file bam/ENCSR929JKA.rep2.subset.bam
2021-09-15 01:13:37,930 (PID:13292) - INFO - Detect Intron retention ENCSR929JKA.rep2.subset
2021-09-15 01:13:37,977 (PID:13292) - INFO - Done Reading file ENCSR929JKA.rep2.subset
2021-09-15 01:13:37,987 (PID:13292) - INFO - Group ENCSR471INA, number of experiments: 2, minexperiments: 1
2021-09-15 01:13:37,988 (PID:13292) - INFO - Reading bam file bam/ENCSR471INA.rep1.subset.bam
2021-09-15 01:13:38,016 (PID:13292) - INFO - Detect Intron retention ENCSR471INA.rep1.subset
2021-09-15 01:13:38,043 (PID:13292) - INFO - Done Reading file ENCSR471INA.rep1.subset
2021-09-15 01:13:38,053 (PID:13292) - INFO - Reading bam file bam/ENCSR471INA.rep2.subset.bam
2021-09-15 01:13:38,070 (PID:13292) - INFO - Detect Intron retention ENCSR471INA.rep2.subset
2021-09-15 01:13:38,087 (PID:13292) - INFO - Done Reading file ENCSR471INA.rep2.subset
2021-09-15 01:13:38,097 (PID:13292) - INFO - Group ENCSR005JBU, number of experiments: 1, minexperiments: 1
2021-09-15 01:13:38,097 (PID:13292) - INFO - Reading bam file bam/ENCSR005JBU.rep2.subset.bam
2021-09-15 01:13:38,122 (PID:13292) - INFO - Detect Intron retention ENCSR005JBU.rep2.subset
2021-09-15 01:13:38,147 (PID:13292) - INFO - Done Reading file ENCSR005JBU.rep2.subset
2021-09-15 01:13:38,158 (PID:13292) - INFO - Group ENCSR772DUM, number of experiments: 2, minexperiments: 1
2021-09-15 01:13:38,158 (PID:13292) - INFO - Reading bam file bam/ENCSR772DUM.rep1.subset.bam
2021-09-15 01:13:38,181 (PID:13292) - INFO - Detect Intron retention ENCSR772DUM.rep1.subset
2021-09-15 01:13:38,204 (PID:13292) - INFO - Done Reading file ENCSR772DUM.rep1.subset
2021-09-15 01:13:38,214 (PID:13292) - INFO - Reading bam file bam/ENCSR772DUM.rep2.subset.bam
2021-09-15 01:13:38,238 (PID:13292) - INFO - Detect Intron retention ENCSR772DUM.rep2.subset
2021-09-15 01:13:38,262 (PID:13292) - INFO - Done Reading file ENCSR772DUM.rep2.subset
2021-09-15 01:13:38,272 (PID:13292) - INFO - Group ENCSR015KGT, number of experiments: 1, minexperiments: 1
2021-09-15 01:13:38,272 (PID:13292) - INFO - Reading bam file bam/ENCSR015KGT.rep1.subset.bam
2021-09-15 01:13:38,326 (PID:13292) - INFO - Detect Intron retention ENCSR015KGT.rep1.subset
2021-09-15 01:13:38,392 (PID:13292) - INFO - Done Reading file ENCSR015KGT.rep1.subset
2021-09-15 01:13:38,401 (PID:13292) - INFO - Group ENCSR163JUC, number of experiments: 1, minexperiments: 1
2021-09-15 01:13:38,401 (PID:13292) - INFO - Reading bam file bam/ENCSR163JUC.rep2.subset.bam
2021-09-15 01:13:38,425 (PID:13292) - INFO - Detect Intron retention ENCSR163JUC.rep2.subset
2021-09-15 01:13:38,452 (PID:13292) - INFO - Done Reading file ENCSR163JUC.rep2.subset
2021-09-15 01:13:38,463 (PID:13292) - INFO - Group ENCSR805TIZ, number of experiments: 2, minexperiments: 1
2021-09-15 01:13:38,464 (PID:13292) - INFO - Reading bam file bam/ENCSR805TIZ.rep1.subset.bam
2021-09-15 01:13:38,479 (PID:13292) - INFO - Detect Intron retention ENCSR805TIZ.rep1.subset
2021-09-15 01:13:38,492 (PID:13292) - INFO - Done Reading file ENCSR805TIZ.rep1.subset
2021-09-15 01:13:38,502 (PID:13292) - INFO - Reading bam file bam/ENCSR805TIZ.rep2.subset.bam
2021-09-15 01:13:38,559 (PID:13292) - INFO - Detect Intron retention ENCSR805TIZ.rep2.subset
2021-09-15 01:13:38,618 (PID:13292) - INFO - Done Reading file ENCSR805TIZ.rep2.subset
2021-09-15 01:13:38,628 (PID:13292) - INFO - Group ENCSR853AOV, number of experiments: 2, minexperiments: 1
2021-09-15 01:13:38,628 (PID:13292) - INFO - Reading bam file bam/ENCSR853AOV.rep1.subset.bam
2021-09-15 01:13:38,670 (PID:13292) - INFO - Detect Intron retention ENCSR853AOV.rep1.subset
2021-09-15 01:13:38,716 (PID:13292) - INFO - Done Reading file ENCSR853AOV.rep1.subset
2021-09-15 01:13:38,726 (PID:13292) - INFO - Reading bam file bam/ENCSR853AOV.rep2.subset.bam
2021-09-15 01:13:38,742 (PID:13292) - INFO - Detect Intron retention ENCSR853AOV.rep2.subset
2021-09-15 01:13:38,757 (PID:13292) - INFO - Done Reading file ENCSR853AOV.rep2.subset
2021-09-15 01:13:38,766 (PID:13292) - INFO - Group ENCSR105NML, number of experiments: 1, minexperiments: 1
2021-09-15 01:13:38,766 (PID:13292) - INFO - Reading bam file bam/ENCSR105NML.rep1.subset.bam
2021-09-15 01:13:38,785 (PID:13292) - INFO - Detect Intron retention ENCSR105NML.rep1.subset
2021-09-15 01:13:38,804 (PID:13292) - INFO - Done Reading file ENCSR105NML.rep1.subset
2021-09-15 01:13:38,815 (PID:13292) - INFO - Group ENCSR194SPW, number of experiments: 1, minexperiments: 1
2021-09-15 01:13:38,816 (PID:13292) - INFO - Reading bam file bam/ENCSR194SPW.rep2.subset.bam
2021-09-15 01:13:38,835 (PID:13292) - INFO - Detect Intron retention ENCSR194SPW.rep2.subset
2021-09-15 01:13:38,855 (PID:13292) - INFO - Done Reading file ENCSR194SPW.rep2.subset
2021-09-15 01:13:38,866 (PID:13292) - INFO - Detecting LSVs ngenes: 8 
2021-09-15 01:13:38,939 (PID:13292) - INFO - 128 LSV found
2021-09-15 01:13:38,940 (PID:13292) - INFO - DUMP file b'ENCSR939BTN.rep1.subset'
2021-09-15 01:13:38,979 (PID:13292) - INFO - Create majiq file
2021-09-15 01:13:38,986 (PID:13292) - INFO - Dump majiq file
2021-09-15 01:13:38,994 (PID:13292) - INFO - ENCSR939BTN.rep1.subset: 110 LSVs
2021-09-15 01:13:38,994 (PID:13292) - INFO - DUMP file b'ENCSR939BTN.rep2.subset'
2021-09-15 01:13:39,019 (PID:13292) - INFO - Create majiq file
2021-09-15 01:13:39,025 (PID:13292) - INFO - Dump majiq file
2021-09-15 01:13:39,035 (PID:13292) - INFO - ENCSR939BTN.rep2.subset: 110 LSVs
2021-09-15 01:13:39,035 (PID:13292) - INFO - DUMP file b'ENCSR905NIK.rep1.subset'
2021-09-15 01:13:39,066 (PID:13292) - INFO - Create majiq file
2021-09-15 01:13:39,071 (PID:13292) - INFO - Dump majiq file
2021-09-15 01:13:39,082 (PID:13292) - INFO - ENCSR905NIK.rep1.subset: 110 LSVs
2021-09-15 01:13:39,082 (PID:13292) - INFO - DUMP file b'ENCSR905NIK.rep2.subset'
2021-09-15 01:13:39,113 (PID:13292) - INFO - Create majiq file
2021-09-15 01:13:39,118 (PID:13292) - INFO - Dump majiq file
2021-09-15 01:13:39,129 (PID:13292) - INFO - ENCSR905NIK.rep2.subset: 110 LSVs
2021-09-15 01:13:39,130 (PID:13292) - INFO - DUMP file b'ENCSR929JKA.rep1.subset'
2021-09-15 01:13:39,158 (PID:13292) - INFO - Create majiq file
2021-09-15 01:13:39,164 (PID:13292) - INFO - Dump majiq file
2021-09-15 01:13:39,178 (PID:13292) - INFO - ENCSR929JKA.rep1.subset: 110 LSVs
2021-09-15 01:13:39,178 (PID:13292) - INFO - DUMP file b'ENCSR929JKA.rep2.subset'
2021-09-15 01:13:39,205 (PID:13292) - INFO - Create majiq file
2021-09-15 01:13:39,210 (PID:13292) - INFO - Dump majiq file
2021-09-15 01:13:39,217 (PID:13292) - INFO - ENCSR929JKA.rep2.subset: 110 LSVs
2021-09-15 01:13:39,217 (PID:13292) - INFO - DUMP file b'ENCSR471INA.rep1.subset'
2021-09-15 01:13:39,243 (PID:13292) - INFO - Create majiq file
2021-09-15 01:13:39,248 (PID:13292) - INFO - Dump majiq file
2021-09-15 01:13:39,256 (PID:13292) - INFO - ENCSR471INA.rep1.subset: 110 LSVs
2021-09-15 01:13:39,256 (PID:13292) - INFO - DUMP file b'ENCSR471INA.rep2.subset'
2021-09-15 01:13:39,279 (PID:13292) - INFO - Create majiq file
2021-09-15 01:13:39,285 (PID:13292) - INFO - Dump majiq file
2021-09-15 01:13:39,296 (PID:13292) - INFO - ENCSR471INA.rep2.subset: 110 LSVs
2021-09-15 01:13:39,296 (PID:13292) - INFO - DUMP file b'ENCSR005JBU.rep2.subset'
2021-09-15 01:13:39,328 (PID:13292) - INFO - Create majiq file
2021-09-15 01:13:39,334 (PID:13292) - INFO - Dump majiq file
2021-09-15 01:13:39,340 (PID:13292) - INFO - ENCSR005JBU.rep2.subset: 110 LSVs
2021-09-15 01:13:39,341 (PID:13292) - INFO - DUMP file b'ENCSR772DUM.rep1.subset'
2021-09-15 01:13:39,367 (PID:13292) - INFO - Create majiq file
2021-09-15 01:13:39,373 (PID:13292) - INFO - Dump majiq file
2021-09-15 01:13:39,383 (PID:13292) - INFO - ENCSR772DUM.rep1.subset: 110 LSVs
2021-09-15 01:13:39,383 (PID:13292) - INFO - DUMP file b'ENCSR772DUM.rep2.subset'
2021-09-15 01:13:39,411 (PID:13292) - INFO - Create majiq file
2021-09-15 01:13:39,418 (PID:13292) - INFO - Dump majiq file
2021-09-15 01:13:39,427 (PID:13292) - INFO - ENCSR772DUM.rep2.subset: 110 LSVs
2021-09-15 01:13:39,427 (PID:13292) - INFO - DUMP file b'ENCSR015KGT.rep1.subset'
2021-09-15 01:13:39,461 (PID:13292) - INFO - Create majiq file
2021-09-15 01:13:39,467 (PID:13292) - INFO - Dump majiq file
2021-09-15 01:13:39,473 (PID:13292) - INFO - ENCSR015KGT.rep1.subset: 110 LSVs
2021-09-15 01:13:39,474 (PID:13292) - INFO - DUMP file b'ENCSR163JUC.rep2.subset'
2021-09-15 01:13:39,500 (PID:13292) - INFO - Create majiq file
2021-09-15 01:13:39,505 (PID:13292) - INFO - Dump majiq file
2021-09-15 01:13:39,515 (PID:13292) - INFO - ENCSR163JUC.rep2.subset: 110 LSVs
2021-09-15 01:13:39,515 (PID:13292) - INFO - DUMP file b'ENCSR805TIZ.rep1.subset'
2021-09-15 01:13:39,535 (PID:13292) - INFO - Create majiq file
2021-09-15 01:13:39,540 (PID:13292) - INFO - Dump majiq file
2021-09-15 01:13:39,549 (PID:13292) - INFO - ENCSR805TIZ.rep1.subset: 110 LSVs
2021-09-15 01:13:39,549 (PID:13292) - INFO - DUMP file b'ENCSR805TIZ.rep2.subset'
2021-09-15 01:13:39,574 (PID:13292) - INFO - Create majiq file
2021-09-15 01:13:39,579 (PID:13292) - INFO - Dump majiq file
2021-09-15 01:13:39,589 (PID:13292) - INFO - ENCSR805TIZ.rep2.subset: 110 LSVs
2021-09-15 01:13:39,589 (PID:13292) - INFO - DUMP file b'ENCSR853AOV.rep1.subset'
2021-09-15 01:13:39,615 (PID:13292) - INFO - Create majiq file
2021-09-15 01:13:39,619 (PID:13292) - INFO - Dump majiq file
2021-09-15 01:13:39,630 (PID:13292) - INFO - ENCSR853AOV.rep1.subset: 110 LSVs
2021-09-15 01:13:39,630 (PID:13292) - INFO - DUMP file b'ENCSR853AOV.rep2.subset'
2021-09-15 01:13:39,649 (PID:13292) - INFO - Create majiq file
2021-09-15 01:13:39,654 (PID:13292) - INFO - Dump majiq file
2021-09-15 01:13:39,664 (PID:13292) - INFO - ENCSR853AOV.rep2.subset: 110 LSVs
2021-09-15 01:13:39,664 (PID:13292) - INFO - DUMP file b'ENCSR105NML.rep1.subset'
2021-09-15 01:13:39,687 (PID:13292) - INFO - Create majiq file
2021-09-15 01:13:39,692 (PID:13292) - INFO - Dump majiq file
2021-09-15 01:13:39,699 (PID:13292) - INFO - ENCSR105NML.rep1.subset: 110 LSVs
2021-09-15 01:13:39,700 (PID:13292) - INFO - DUMP file b'ENCSR194SPW.rep2.subset'
2021-09-15 01:13:39,724 (PID:13292) - INFO - Create majiq file
2021-09-15 01:13:39,730 (PID:13292) - INFO - Dump majiq file
2021-09-15 01:13:39,740 (PID:13292) - INFO - ENCSR194SPW.rep2.subset: 110 LSVs
2021-09-15 01:13:39,764 (PID:13292) - INFO - MAJIQ Builder is ended successfully!
2021-09-15 01:15:41,519 (PID:14117) - INFO - Majiq Build v2.2-<hash_not_found>
2021-09-15 01:15:41,520 (PID:14117) - INFO - Command: /home/pjewell/majiq/env_3.8/bin/majiq build -o output/build -c settings.ini --min-experiments 1 gff3/ensembl.Homo_sapiens.GRCh38.94.subset.gff3.gz
2021-09-15 01:15:41,521 (PID:14117) - INFO - Parsing GFF3
2021-09-15 01:15:42,201 (PID:14117) - INFO - Reading bamfiles
2021-09-15 01:15:42,202 (PID:14117) - INFO - Group ENCSR939BTN, number of experiments: 2, minexperiments: 1
2021-09-15 01:15:42,202 (PID:14117) - INFO - Reading bam file bam/ENCSR939BTN.rep1.subset.bam
2021-09-15 01:15:42,219 (PID:14117) - INFO - Detect Intron retention ENCSR939BTN.rep1.subset
2021-09-15 01:15:42,232 (PID:14117) - INFO - Done Reading file ENCSR939BTN.rep1.subset
2021-09-15 01:15:42,247 (PID:14117) - INFO - Reading bam file bam/ENCSR939BTN.rep2.subset.bam
2021-09-15 01:15:42,263 (PID:14117) - INFO - Detect Intron retention ENCSR939BTN.rep2.subset
2021-09-15 01:15:42,278 (PID:14117) - INFO - Done Reading file ENCSR939BTN.rep2.subset
2021-09-15 01:15:42,289 (PID:14117) - INFO - Group ENCSR905NIK, number of experiments: 2, minexperiments: 1
2021-09-15 01:15:42,289 (PID:14117) - INFO - Reading bam file bam/ENCSR905NIK.rep1.subset.bam
2021-09-15 01:15:42,322 (PID:14117) - INFO - Detect Intron retention ENCSR905NIK.rep1.subset
2021-09-15 01:15:42,356 (PID:14117) - INFO - Done Reading file ENCSR905NIK.rep1.subset
2021-09-15 01:15:42,368 (PID:14117) - INFO - Reading bam file bam/ENCSR905NIK.rep2.subset.bam
2021-09-15 01:15:42,401 (PID:14117) - INFO - Detect Intron retention ENCSR905NIK.rep2.subset
2021-09-15 01:15:42,436 (PID:14117) - INFO - Done Reading file ENCSR905NIK.rep2.subset
2021-09-15 01:15:42,448 (PID:14117) - INFO - Group ENCSR929JKA, number of experiments: 2, minexperiments: 1
2021-09-15 01:15:42,448 (PID:14117) - INFO - Reading bam file bam/ENCSR929JKA.rep1.subset.bam
2021-09-15 01:15:42,486 (PID:14117) - INFO - Detect Intron retention ENCSR929JKA.rep1.subset
2021-09-15 01:15:42,525 (PID:14117) - INFO - Done Reading file ENCSR929JKA.rep1.subset
2021-09-15 01:15:42,540 (PID:14117) - INFO - Reading bam file bam/ENCSR929JKA.rep2.subset.bam
2021-09-15 01:15:42,591 (PID:14117) - INFO - Detect Intron retention ENCSR929JKA.rep2.subset
2021-09-15 01:15:42,635 (PID:14117) - INFO - Done Reading file ENCSR929JKA.rep2.subset
2021-09-15 01:15:42,648 (PID:14117) - INFO - Group ENCSR471INA, number of experiments: 2, minexperiments: 1
2021-09-15 01:15:42,649 (PID:14117) - INFO - Reading bam file bam/ENCSR471INA.rep1.subset.bam
2021-09-15 01:15:42,678 (PID:14117) - INFO - Detect Intron retention ENCSR471INA.rep1.subset
2021-09-15 01:15:42,706 (PID:14117) - INFO - Done Reading file ENCSR471INA.rep1.subset
2021-09-15 01:15:42,718 (PID:14117) - INFO - Reading bam file bam/ENCSR471INA.rep2.subset.bam
2021-09-15 01:15:42,738 (PID:14117) - INFO - Detect Intron retention ENCSR471INA.rep2.subset
2021-09-15 01:15:42,756 (PID:14117) - INFO - Done Reading file ENCSR471INA.rep2.subset
2021-09-15 01:15:42,768 (PID:14117) - INFO - Group ENCSR005JBU, number of experiments: 1, minexperiments: 1
2021-09-15 01:15:42,768 (PID:14117) - INFO - Reading bam file bam/ENCSR005JBU.rep2.subset.bam
2021-09-15 01:15:42,794 (PID:14117) - INFO - Detect Intron retention ENCSR005JBU.rep2.subset
2021-09-15 01:15:42,818 (PID:14117) - INFO - Done Reading file ENCSR005JBU.rep2.subset
2021-09-15 01:15:42,830 (PID:14117) - INFO - Group ENCSR772DUM, number of experiments: 2, minexperiments: 1
2021-09-15 01:15:42,830 (PID:14117) - INFO - Reading bam file bam/ENCSR772DUM.rep1.subset.bam
2021-09-15 01:15:42,854 (PID:14117) - INFO - Detect Intron retention ENCSR772DUM.rep1.subset
2021-09-15 01:15:42,880 (PID:14117) - INFO - Done Reading file ENCSR772DUM.rep1.subset
2021-09-15 01:15:42,892 (PID:14117) - INFO - Reading bam file bam/ENCSR772DUM.rep2.subset.bam
2021-09-15 01:15:42,917 (PID:14117) - INFO - Detect Intron retention ENCSR772DUM.rep2.subset
2021-09-15 01:15:42,940 (PID:14117) - INFO - Done Reading file ENCSR772DUM.rep2.subset
2021-09-15 01:15:42,950 (PID:14117) - INFO - Group ENCSR015KGT, number of experiments: 1, minexperiments: 1
2021-09-15 01:15:42,950 (PID:14117) - INFO - Reading bam file bam/ENCSR015KGT.rep1.subset.bam
2021-09-15 01:15:43,004 (PID:14117) - INFO - Detect Intron retention ENCSR015KGT.rep1.subset
2021-09-15 01:15:43,068 (PID:14117) - INFO - Done Reading file ENCSR015KGT.rep1.subset
2021-09-15 01:15:43,078 (PID:14117) - INFO - Group ENCSR163JUC, number of experiments: 1, minexperiments: 1
2021-09-15 01:15:43,078 (PID:14117) - INFO - Reading bam file bam/ENCSR163JUC.rep2.subset.bam
2021-09-15 01:15:43,104 (PID:14117) - INFO - Detect Intron retention ENCSR163JUC.rep2.subset
2021-09-15 01:15:43,133 (PID:14117) - INFO - Done Reading file ENCSR163JUC.rep2.subset
2021-09-15 01:15:43,145 (PID:14117) - INFO - Group ENCSR805TIZ, number of experiments: 2, minexperiments: 1
2021-09-15 01:15:43,145 (PID:14117) - INFO - Reading bam file bam/ENCSR805TIZ.rep1.subset.bam
2021-09-15 01:15:43,161 (PID:14117) - INFO - Detect Intron retention ENCSR805TIZ.rep1.subset
2021-09-15 01:15:43,174 (PID:14117) - INFO - Done Reading file ENCSR805TIZ.rep1.subset
2021-09-15 01:15:43,186 (PID:14117) - INFO - Reading bam file bam/ENCSR805TIZ.rep2.subset.bam
2021-09-15 01:15:43,243 (PID:14117) - INFO - Detect Intron retention ENCSR805TIZ.rep2.subset
2021-09-15 01:15:43,300 (PID:14117) - INFO - Done Reading file ENCSR805TIZ.rep2.subset
2021-09-15 01:15:43,311 (PID:14117) - INFO - Group ENCSR853AOV, number of experiments: 2, minexperiments: 1
2021-09-15 01:15:43,312 (PID:14117) - INFO - Reading bam file bam/ENCSR853AOV.rep1.subset.bam
2021-09-15 01:15:43,355 (PID:14117) - INFO - Detect Intron retention ENCSR853AOV.rep1.subset
2021-09-15 01:15:43,401 (PID:14117) - INFO - Done Reading file ENCSR853AOV.rep1.subset
2021-09-15 01:15:43,413 (PID:14117) - INFO - Reading bam file bam/ENCSR853AOV.rep2.subset.bam
2021-09-15 01:15:43,432 (PID:14117) - INFO - Detect Intron retention ENCSR853AOV.rep2.subset
2021-09-15 01:15:43,448 (PID:14117) - INFO - Done Reading file ENCSR853AOV.rep2.subset
2021-09-15 01:15:43,458 (PID:14117) - INFO - Group ENCSR105NML, number of experiments: 1, minexperiments: 1
2021-09-15 01:15:43,459 (PID:14117) - INFO - Reading bam file bam/ENCSR105NML.rep1.subset.bam
2021-09-15 01:15:43,480 (PID:14117) - INFO - Detect Intron retention ENCSR105NML.rep1.subset
2021-09-15 01:15:43,503 (PID:14117) - INFO - Done Reading file ENCSR105NML.rep1.subset
2021-09-15 01:15:43,515 (PID:14117) - INFO - Group ENCSR194SPW, number of experiments: 1, minexperiments: 1
2021-09-15 01:15:43,515 (PID:14117) - INFO - Reading bam file bam/ENCSR194SPW.rep2.subset.bam
2021-09-15 01:15:43,535 (PID:14117) - INFO - Detect Intron retention ENCSR194SPW.rep2.subset
2021-09-15 01:15:43,553 (PID:14117) - INFO - Done Reading file ENCSR194SPW.rep2.subset
2021-09-15 01:15:43,566 (PID:14117) - INFO - Detecting LSVs ngenes: 8 
2021-09-15 01:15:43,645 (PID:14117) - INFO - 128 LSV found
2021-09-15 01:15:43,645 (PID:14117) - INFO - DUMP file b'ENCSR939BTN.rep1.subset'
2021-09-15 01:15:43,685 (PID:14117) - INFO - Create majiq file
2021-09-15 01:15:43,691 (PID:14117) - INFO - Dump majiq file
2021-09-15 01:15:43,698 (PID:14117) - INFO - ENCSR939BTN.rep1.subset: 110 LSVs
2021-09-15 01:15:43,698 (PID:14117) - INFO - DUMP file b'ENCSR939BTN.rep2.subset'
2021-09-15 01:15:43,720 (PID:14117) - INFO - Create majiq file
2021-09-15 01:15:43,725 (PID:14117) - INFO - Dump majiq file
2021-09-15 01:15:43,734 (PID:14117) - INFO - ENCSR939BTN.rep2.subset: 110 LSVs
2021-09-15 01:15:43,734 (PID:14117) - INFO - DUMP file b'ENCSR905NIK.rep1.subset'
2021-09-15 01:15:43,765 (PID:14117) - INFO - Create majiq file
2021-09-15 01:15:43,770 (PID:14117) - INFO - Dump majiq file
2021-09-15 01:15:43,781 (PID:14117) - INFO - ENCSR905NIK.rep1.subset: 110 LSVs
2021-09-15 01:15:43,782 (PID:14117) - INFO - DUMP file b'ENCSR905NIK.rep2.subset'
2021-09-15 01:15:43,815 (PID:14117) - INFO - Create majiq file
2021-09-15 01:15:43,821 (PID:14117) - INFO - Dump majiq file
2021-09-15 01:15:43,830 (PID:14117) - INFO - ENCSR905NIK.rep2.subset: 110 LSVs
2021-09-15 01:15:43,830 (PID:14117) - INFO - DUMP file b'ENCSR929JKA.rep1.subset'
2021-09-15 01:15:43,852 (PID:14117) - INFO - Create majiq file
2021-09-15 01:15:43,857 (PID:14117) - INFO - Dump majiq file
2021-09-15 01:15:43,867 (PID:14117) - INFO - ENCSR929JKA.rep1.subset: 110 LSVs
2021-09-15 01:15:43,867 (PID:14117) - INFO - DUMP file b'ENCSR929JKA.rep2.subset'
2021-09-15 01:15:43,895 (PID:14117) - INFO - Create majiq file
2021-09-15 01:15:43,900 (PID:14117) - INFO - Dump majiq file
2021-09-15 01:15:43,907 (PID:14117) - INFO - ENCSR929JKA.rep2.subset: 110 LSVs
2021-09-15 01:15:43,907 (PID:14117) - INFO - DUMP file b'ENCSR471INA.rep1.subset'
2021-09-15 01:15:43,933 (PID:14117) - INFO - Create majiq file
2021-09-15 01:15:43,938 (PID:14117) - INFO - Dump majiq file
2021-09-15 01:15:43,946 (PID:14117) - INFO - ENCSR471INA.rep1.subset: 110 LSVs
2021-09-15 01:15:43,947 (PID:14117) - INFO - DUMP file b'ENCSR471INA.rep2.subset'
2021-09-15 01:15:43,970 (PID:14117) - INFO - Create majiq file
2021-09-15 01:15:43,976 (PID:14117) - INFO - Dump majiq file
2021-09-15 01:15:43,986 (PID:14117) - INFO - ENCSR471INA.rep2.subset: 110 LSVs
2021-09-15 01:15:43,986 (PID:14117) - INFO - DUMP file b'ENCSR005JBU.rep2.subset'
2021-09-15 01:15:44,013 (PID:14117) - INFO - Create majiq file
2021-09-15 01:15:44,019 (PID:14117) - INFO - Dump majiq file
2021-09-15 01:15:44,028 (PID:14117) - INFO - ENCSR005JBU.rep2.subset: 110 LSVs
2021-09-15 01:15:44,028 (PID:14117) - INFO - DUMP file b'ENCSR772DUM.rep1.subset'
2021-09-15 01:15:44,063 (PID:14117) - INFO - Create majiq file
2021-09-15 01:15:44,069 (PID:14117) - INFO - Dump majiq file
2021-09-15 01:15:44,078 (PID:14117) - INFO - ENCSR772DUM.rep1.subset: 110 LSVs
2021-09-15 01:15:44,078 (PID:14117) - INFO - DUMP file b'ENCSR772DUM.rep2.subset'
2021-09-15 01:15:44,102 (PID:14117) - INFO - Create majiq file
2021-09-15 01:15:44,106 (PID:14117) - INFO - Dump majiq file
2021-09-15 01:15:44,116 (PID:14117) - INFO - ENCSR772DUM.rep2.subset: 110 LSVs
2021-09-15 01:15:44,116 (PID:14117) - INFO - DUMP file b'ENCSR015KGT.rep1.subset'
2021-09-15 01:15:44,151 (PID:14117) - INFO - Create majiq file
2021-09-15 01:15:44,160 (PID:14117) - INFO - Dump majiq file
2021-09-15 01:15:44,166 (PID:14117) - INFO - ENCSR015KGT.rep1.subset: 110 LSVs
2021-09-15 01:15:44,167 (PID:14117) - INFO - DUMP file b'ENCSR163JUC.rep2.subset'
2021-09-15 01:15:44,191 (PID:14117) - INFO - Create majiq file
2021-09-15 01:15:44,196 (PID:14117) - INFO - Dump majiq file
2021-09-15 01:15:44,205 (PID:14117) - INFO - ENCSR163JUC.rep2.subset: 110 LSVs
2021-09-15 01:15:44,205 (PID:14117) - INFO - DUMP file b'ENCSR805TIZ.rep1.subset'
2021-09-15 01:15:44,225 (PID:14117) - INFO - Create majiq file
2021-09-15 01:15:44,230 (PID:14117) - INFO - Dump majiq file
2021-09-15 01:15:44,239 (PID:14117) - INFO - ENCSR805TIZ.rep1.subset: 110 LSVs
2021-09-15 01:15:44,239 (PID:14117) - INFO - DUMP file b'ENCSR805TIZ.rep2.subset'
2021-09-15 01:15:44,265 (PID:14117) - INFO - Create majiq file
2021-09-15 01:15:44,269 (PID:14117) - INFO - Dump majiq file
2021-09-15 01:15:44,279 (PID:14117) - INFO - ENCSR805TIZ.rep2.subset: 110 LSVs
2021-09-15 01:15:44,279 (PID:14117) - INFO - DUMP file b'ENCSR853AOV.rep1.subset'
2021-09-15 01:15:44,306 (PID:14117) - INFO - Create majiq file
2021-09-15 01:15:44,312 (PID:14117) - INFO - Dump majiq file
2021-09-15 01:15:44,322 (PID:14117) - INFO - ENCSR853AOV.rep1.subset: 110 LSVs
2021-09-15 01:15:44,322 (PID:14117) - INFO - DUMP file b'ENCSR853AOV.rep2.subset'
2021-09-15 01:15:44,344 (PID:14117) - INFO - Create majiq file
2021-09-15 01:15:44,350 (PID:14117) - INFO - Dump majiq file
2021-09-15 01:15:44,360 (PID:14117) - INFO - ENCSR853AOV.rep2.subset: 110 LSVs
2021-09-15 01:15:44,360 (PID:14117) - INFO - DUMP file b'ENCSR105NML.rep1.subset'
2021-09-15 01:15:44,383 (PID:14117) - INFO - Create majiq file
2021-09-15 01:15:44,388 (PID:14117) - INFO - Dump majiq file
2021-09-15 01:15:44,395 (PID:14117) - INFO - ENCSR105NML.rep1.subset: 110 LSVs
2021-09-15 01:15:44,395 (PID:14117) - INFO - DUMP file b'ENCSR194SPW.rep2.subset'
2021-09-15 01:15:44,416 (PID:14117) - INFO - Create majiq file
2021-09-15 01:15:44,421 (PID:14117) - INFO - Dump majiq file
2021-09-15 01:15:44,431 (PID:14117) - INFO - ENCSR194SPW.rep2.subset: 110 LSVs
2021-09-15 01:15:44,464 (PID:14117) - INFO - MAJIQ Builder is ended successfully!
2021-09-22 14:56:12,515 (PID:27426) - INFO - Majiq Build v2.2-<hash_not_found>
2021-09-22 14:56:12,517 (PID:27426) - INFO - Command: /home/pjewell/majiq/env_3.8/bin/majiq build -o output/build -c settings.ini --min-experiments 1 gff3/ensembl.Homo_sapiens.GRCh38.94.subset.gff3.gz
2021-09-22 14:56:12,518 (PID:27426) - INFO - Parsing GFF3
2021-09-22 14:56:13,101 (PID:27426) - INFO - Reading bamfiles
2021-09-22 14:56:13,102 (PID:27426) - INFO - Group ENCSR939BTN, number of experiments: 2, minexperiments: 1
2021-09-22 14:56:13,102 (PID:27426) - INFO - Reading bam file bam/ENCSR939BTN.rep1.subset.bam
2021-09-22 14:56:13,117 (PID:27426) - INFO - Detect Intron retention ENCSR939BTN.rep1.subset
2021-09-22 14:56:13,131 (PID:27426) - INFO - Done Reading file ENCSR939BTN.rep1.subset
2021-09-22 14:56:13,146 (PID:27426) - INFO - Reading bam file bam/ENCSR939BTN.rep2.subset.bam
2021-09-22 14:56:13,161 (PID:27426) - INFO - Detect Intron retention ENCSR939BTN.rep2.subset
2021-09-22 14:56:13,176 (PID:27426) - INFO - Done Reading file ENCSR939BTN.rep2.subset
2021-09-22 14:56:13,186 (PID:27426) - INFO - Group ENCSR905NIK, number of experiments: 2, minexperiments: 1
2021-09-22 14:56:13,187 (PID:27426) - INFO - Reading bam file bam/ENCSR905NIK.rep1.subset.bam
2021-09-22 14:56:13,218 (PID:27426) - INFO - Detect Intron retention ENCSR905NIK.rep1.subset
2021-09-22 14:56:13,251 (PID:27426) - INFO - Done Reading file ENCSR905NIK.rep1.subset
2021-09-22 14:56:13,262 (PID:27426) - INFO - Reading bam file bam/ENCSR905NIK.rep2.subset.bam
2021-09-22 14:56:13,293 (PID:27426) - INFO - Detect Intron retention ENCSR905NIK.rep2.subset
2021-09-22 14:56:13,328 (PID:27426) - INFO - Done Reading file ENCSR905NIK.rep2.subset
2021-09-22 14:56:13,339 (PID:27426) - INFO - Group ENCSR929JKA, number of experiments: 2, minexperiments: 1
2021-09-22 14:56:13,339 (PID:27426) - INFO - Reading bam file bam/ENCSR929JKA.rep1.subset.bam
2021-09-22 14:56:13,375 (PID:27426) - INFO - Detect Intron retention ENCSR929JKA.rep1.subset
2021-09-22 14:56:13,413 (PID:27426) - INFO - Done Reading file ENCSR929JKA.rep1.subset
2021-09-22 14:56:13,426 (PID:27426) - INFO - Reading bam file bam/ENCSR929JKA.rep2.subset.bam
2021-09-22 14:56:13,471 (PID:27426) - INFO - Detect Intron retention ENCSR929JKA.rep2.subset
2021-09-22 14:56:13,518 (PID:27426) - INFO - Done Reading file ENCSR929JKA.rep2.subset
2021-09-22 14:56:13,532 (PID:27426) - INFO - Group ENCSR471INA, number of experiments: 2, minexperiments: 1
2021-09-22 14:56:13,533 (PID:27426) - INFO - Reading bam file bam/ENCSR471INA.rep1.subset.bam
2021-09-22 14:56:13,562 (PID:27426) - INFO - Detect Intron retention ENCSR471INA.rep1.subset
2021-09-22 14:56:13,590 (PID:27426) - INFO - Done Reading file ENCSR471INA.rep1.subset
2021-09-22 14:56:13,600 (PID:27426) - INFO - Reading bam file bam/ENCSR471INA.rep2.subset.bam
2021-09-22 14:56:13,620 (PID:27426) - INFO - Detect Intron retention ENCSR471INA.rep2.subset
2021-09-22 14:56:13,639 (PID:27426) - INFO - Done Reading file ENCSR471INA.rep2.subset
2021-09-22 14:56:13,650 (PID:27426) - INFO - Group ENCSR005JBU, number of experiments: 1, minexperiments: 1
2021-09-22 14:56:13,650 (PID:27426) - INFO - Reading bam file bam/ENCSR005JBU.rep2.subset.bam
2021-09-22 14:56:13,674 (PID:27426) - INFO - Detect Intron retention ENCSR005JBU.rep2.subset
2021-09-22 14:56:13,702 (PID:27426) - INFO - Done Reading file ENCSR005JBU.rep2.subset
2021-09-22 14:56:13,712 (PID:27426) - INFO - Group ENCSR772DUM, number of experiments: 2, minexperiments: 1
2021-09-22 14:56:13,712 (PID:27426) - INFO - Reading bam file bam/ENCSR772DUM.rep1.subset.bam
2021-09-22 14:56:13,734 (PID:27426) - INFO - Detect Intron retention ENCSR772DUM.rep1.subset
2021-09-22 14:56:13,758 (PID:27426) - INFO - Done Reading file ENCSR772DUM.rep1.subset
2021-09-22 14:56:13,770 (PID:27426) - INFO - Reading bam file bam/ENCSR772DUM.rep2.subset.bam
2021-09-22 14:56:13,792 (PID:27426) - INFO - Detect Intron retention ENCSR772DUM.rep2.subset
2021-09-22 14:56:13,815 (PID:27426) - INFO - Done Reading file ENCSR772DUM.rep2.subset
2021-09-22 14:56:13,823 (PID:27426) - INFO - Group ENCSR015KGT, number of experiments: 1, minexperiments: 1
2021-09-22 14:56:13,824 (PID:27426) - INFO - Reading bam file bam/ENCSR015KGT.rep1.subset.bam
2021-09-22 14:56:13,878 (PID:27426) - INFO - Detect Intron retention ENCSR015KGT.rep1.subset
2021-09-22 14:56:13,944 (PID:27426) - INFO - Done Reading file ENCSR015KGT.rep1.subset
2021-09-22 14:56:13,953 (PID:27426) - INFO - Group ENCSR163JUC, number of experiments: 1, minexperiments: 1
2021-09-22 14:56:13,953 (PID:27426) - INFO - Reading bam file bam/ENCSR163JUC.rep2.subset.bam
2021-09-22 14:56:13,978 (PID:27426) - INFO - Detect Intron retention ENCSR163JUC.rep2.subset
2021-09-22 14:56:14,002 (PID:27426) - INFO - Done Reading file ENCSR163JUC.rep2.subset
2021-09-22 14:56:14,012 (PID:27426) - INFO - Group ENCSR805TIZ, number of experiments: 2, minexperiments: 1
2021-09-22 14:56:14,012 (PID:27426) - INFO - Reading bam file bam/ENCSR805TIZ.rep1.subset.bam
2021-09-22 14:56:14,027 (PID:27426) - INFO - Detect Intron retention ENCSR805TIZ.rep1.subset
2021-09-22 14:56:14,040 (PID:27426) - INFO - Done Reading file ENCSR805TIZ.rep1.subset
2021-09-22 14:56:14,049 (PID:27426) - INFO - Reading bam file bam/ENCSR805TIZ.rep2.subset.bam
2021-09-22 14:56:14,107 (PID:27426) - INFO - Detect Intron retention ENCSR805TIZ.rep2.subset
2021-09-22 14:56:14,165 (PID:27426) - INFO - Done Reading file ENCSR805TIZ.rep2.subset
2021-09-22 14:56:14,175 (PID:27426) - INFO - Group ENCSR853AOV, number of experiments: 2, minexperiments: 1
2021-09-22 14:56:14,175 (PID:27426) - INFO - Reading bam file bam/ENCSR853AOV.rep1.subset.bam
2021-09-22 14:56:14,217 (PID:27426) - INFO - Detect Intron retention ENCSR853AOV.rep1.subset
2021-09-22 14:56:14,263 (PID:27426) - INFO - Done Reading file ENCSR853AOV.rep1.subset
2021-09-22 14:56:14,272 (PID:27426) - INFO - Reading bam file bam/ENCSR853AOV.rep2.subset.bam
2021-09-22 14:56:14,289 (PID:27426) - INFO - Detect Intron retention ENCSR853AOV.rep2.subset
2021-09-22 14:56:14,303 (PID:27426) - INFO - Done Reading file ENCSR853AOV.rep2.subset
2021-09-22 14:56:14,309 (PID:27426) - INFO - Group ENCSR105NML, number of experiments: 1, minexperiments: 1
2021-09-22 14:56:14,310 (PID:27426) - INFO - Reading bam file bam/ENCSR105NML.rep1.subset.bam
2021-09-22 14:56:14,329 (PID:27426) - INFO - Detect Intron retention ENCSR105NML.rep1.subset
2021-09-22 14:56:14,346 (PID:27426) - INFO - Done Reading file ENCSR105NML.rep1.subset
2021-09-22 14:56:14,354 (PID:27426) - INFO - Group ENCSR194SPW, number of experiments: 1, minexperiments: 1
2021-09-22 14:56:14,354 (PID:27426) - INFO - Reading bam file bam/ENCSR194SPW.rep2.subset.bam
2021-09-22 14:56:14,372 (PID:27426) - INFO - Detect Intron retention ENCSR194SPW.rep2.subset
2021-09-22 14:56:14,389 (PID:27426) - INFO - Done Reading file ENCSR194SPW.rep2.subset
2021-09-22 14:56:14,398 (PID:27426) - INFO - Detecting LSVs ngenes: 8 
2021-09-22 14:56:14,466 (PID:27426) - INFO - 128 LSV found
2021-09-22 14:56:14,467 (PID:27426) - INFO - DUMP file b'ENCSR939BTN.rep1.subset'
2021-09-22 14:56:14,502 (PID:27426) - INFO - Create majiq file
2021-09-22 14:56:14,510 (PID:27426) - INFO - Dump majiq file
2021-09-22 14:56:14,518 (PID:27426) - INFO - ENCSR939BTN.rep1.subset: 110 LSVs
2021-09-22 14:56:14,518 (PID:27426) - INFO - DUMP file b'ENCSR939BTN.rep2.subset'
2021-09-22 14:56:14,549 (PID:27426) - INFO - Create majiq file
2021-09-22 14:56:14,556 (PID:27426) - INFO - Dump majiq file
2021-09-22 14:56:14,568 (PID:27426) - INFO - ENCSR939BTN.rep2.subset: 110 LSVs
2021-09-22 14:56:14,568 (PID:27426) - INFO - DUMP file b'ENCSR905NIK.rep1.subset'
2021-09-22 14:56:14,597 (PID:27426) - INFO - Create majiq file
2021-09-22 14:56:14,603 (PID:27426) - INFO - Dump majiq file
2021-09-22 14:56:14,614 (PID:27426) - INFO - ENCSR905NIK.rep1.subset: 110 LSVs
2021-09-22 14:56:14,615 (PID:27426) - INFO - DUMP file b'ENCSR905NIK.rep2.subset'
2021-09-22 14:56:14,646 (PID:27426) - INFO - Create majiq file
2021-09-22 14:56:14,651 (PID:27426) - INFO - Dump majiq file
2021-09-22 14:56:14,661 (PID:27426) - INFO - ENCSR905NIK.rep2.subset: 110 LSVs
2021-09-22 14:56:14,662 (PID:27426) - INFO - DUMP file b'ENCSR929JKA.rep1.subset'
2021-09-22 14:56:14,685 (PID:27426) - INFO - Create majiq file
2021-09-22 14:56:14,690 (PID:27426) - INFO - Dump majiq file
2021-09-22 14:56:14,701 (PID:27426) - INFO - ENCSR929JKA.rep1.subset: 110 LSVs
2021-09-22 14:56:14,701 (PID:27426) - INFO - DUMP file b'ENCSR929JKA.rep2.subset'
2021-09-22 14:56:14,736 (PID:27426) - INFO - Create majiq file
2021-09-22 14:56:14,742 (PID:27426) - INFO - Dump majiq file
2021-09-22 14:56:14,749 (PID:27426) - INFO - ENCSR929JKA.rep2.subset: 110 LSVs
2021-09-22 14:56:14,750 (PID:27426) - INFO - DUMP file b'ENCSR471INA.rep1.subset'
2021-09-22 14:56:14,773 (PID:27426) - INFO - Create majiq file
2021-09-22 14:56:14,778 (PID:27426) - INFO - Dump majiq file
2021-09-22 14:56:14,785 (PID:27426) - INFO - ENCSR471INA.rep1.subset: 110 LSVs
2021-09-22 14:56:14,785 (PID:27426) - INFO - DUMP file b'ENCSR471INA.rep2.subset'
2021-09-22 14:56:14,807 (PID:27426) - INFO - Create majiq file
2021-09-22 14:56:14,813 (PID:27426) - INFO - Dump majiq file
2021-09-22 14:56:14,826 (PID:27426) - INFO - ENCSR471INA.rep2.subset: 110 LSVs
2021-09-22 14:56:14,826 (PID:27426) - INFO - DUMP file b'ENCSR005JBU.rep2.subset'
2021-09-22 14:56:14,854 (PID:27426) - INFO - Create majiq file
2021-09-22 14:56:14,859 (PID:27426) - INFO - Dump majiq file
2021-09-22 14:56:14,866 (PID:27426) - INFO - ENCSR005JBU.rep2.subset: 110 LSVs
2021-09-22 14:56:14,867 (PID:27426) - INFO - DUMP file b'ENCSR772DUM.rep1.subset'
2021-09-22 14:56:14,894 (PID:27426) - INFO - Create majiq file
2021-09-22 14:56:14,900 (PID:27426) - INFO - Dump majiq file
2021-09-22 14:56:14,909 (PID:27426) - INFO - ENCSR772DUM.rep1.subset: 110 LSVs
2021-09-22 14:56:14,910 (PID:27426) - INFO - DUMP file b'ENCSR772DUM.rep2.subset'
2021-09-22 14:56:14,935 (PID:27426) - INFO - Create majiq file
2021-09-22 14:56:14,940 (PID:27426) - INFO - Dump majiq file
2021-09-22 14:56:14,949 (PID:27426) - INFO - ENCSR772DUM.rep2.subset: 110 LSVs
2021-09-22 14:56:14,949 (PID:27426) - INFO - DUMP file b'ENCSR015KGT.rep1.subset'
2021-09-22 14:56:14,982 (PID:27426) - INFO - Create majiq file
2021-09-22 14:56:14,988 (PID:27426) - INFO - Dump majiq file
2021-09-22 14:56:14,995 (PID:27426) - INFO - ENCSR015KGT.rep1.subset: 110 LSVs
2021-09-22 14:56:14,995 (PID:27426) - INFO - DUMP file b'ENCSR163JUC.rep2.subset'
2021-09-22 14:56:15,022 (PID:27426) - INFO - Create majiq file
2021-09-22 14:56:15,029 (PID:27426) - INFO - Dump majiq file
2021-09-22 14:56:15,038 (PID:27426) - INFO - ENCSR163JUC.rep2.subset: 110 LSVs
2021-09-22 14:56:15,038 (PID:27426) - INFO - DUMP file b'ENCSR805TIZ.rep1.subset'
2021-09-22 14:56:15,061 (PID:27426) - INFO - Create majiq file
2021-09-22 14:56:15,067 (PID:27426) - INFO - Dump majiq file
2021-09-22 14:56:15,078 (PID:27426) - INFO - ENCSR805TIZ.rep1.subset: 110 LSVs
2021-09-22 14:56:15,078 (PID:27426) - INFO - DUMP file b'ENCSR805TIZ.rep2.subset'
2021-09-22 14:56:15,105 (PID:27426) - INFO - Create majiq file
2021-09-22 14:56:15,111 (PID:27426) - INFO - Dump majiq file
2021-09-22 14:56:15,122 (PID:27426) - INFO - ENCSR805TIZ.rep2.subset: 110 LSVs
2021-09-22 14:56:15,122 (PID:27426) - INFO - DUMP file b'ENCSR853AOV.rep1.subset'
2021-09-22 14:56:15,151 (PID:27426) - INFO - Create majiq file
2021-09-22 14:56:15,156 (PID:27426) - INFO - Dump majiq file
2021-09-22 14:56:15,170 (PID:27426) - INFO - ENCSR853AOV.rep1.subset: 110 LSVs
2021-09-22 14:56:15,171 (PID:27426) - INFO - DUMP file b'ENCSR853AOV.rep2.subset'
2021-09-22 14:56:15,201 (PID:27426) - INFO - Create majiq file
2021-09-22 14:56:15,207 (PID:27426) - INFO - Dump majiq file
2021-09-22 14:56:15,217 (PID:27426) - INFO - ENCSR853AOV.rep2.subset: 110 LSVs
2021-09-22 14:56:15,217 (PID:27426) - INFO - DUMP file b'ENCSR105NML.rep1.subset'
2021-09-22 14:56:15,240 (PID:27426) - INFO - Create majiq file
2021-09-22 14:56:15,245 (PID:27426) - INFO - Dump majiq file
2021-09-22 14:56:15,252 (PID:27426) - INFO - ENCSR105NML.rep1.subset: 110 LSVs
2021-09-22 14:56:15,253 (PID:27426) - INFO - DUMP file b'ENCSR194SPW.rep2.subset'
2021-09-22 14:56:15,275 (PID:27426) - INFO - Create majiq file
2021-09-22 14:56:15,281 (PID:27426) - INFO - Dump majiq file
2021-09-22 14:56:15,291 (PID:27426) - INFO - ENCSR194SPW.rep2.subset: 110 LSVs
2021-09-22 14:56:15,314 (PID:27426) - INFO - MAJIQ Builder is ended successfully!
2021-09-22 15:07:19,017 (PID:28919) - INFO - Majiq Build v2.2-<hash_not_found>
2021-09-22 15:07:19,018 (PID:28919) - INFO - Command: /home/pjewell/majiq/env_3.8/bin/majiq build -o output/build -c settings.ini --min-experiments 1 gff3/ensembl.Homo_sapiens.GRCh38.94.subset.gff3.gz
2021-09-22 15:07:19,019 (PID:28919) - INFO - Parsing GFF3
2021-09-22 15:07:19,593 (PID:28919) - INFO - Reading bamfiles
2021-09-22 15:07:19,594 (PID:28919) - INFO - Group ENCSR939BTN, number of experiments: 2, minexperiments: 1
2021-09-22 15:07:19,595 (PID:28919) - INFO - Reading bam file bam/ENCSR939BTN.rep1.subset.bam
2021-09-22 15:07:19,615 (PID:28919) - INFO - Detect Intron retention ENCSR939BTN.rep1.subset
2021-09-22 15:07:19,631 (PID:28919) - INFO - Done Reading file ENCSR939BTN.rep1.subset
2021-09-22 15:07:19,649 (PID:28919) - INFO - Reading bam file bam/ENCSR939BTN.rep2.subset.bam
2021-09-22 15:07:19,666 (PID:28919) - INFO - Detect Intron retention ENCSR939BTN.rep2.subset
2021-09-22 15:07:19,681 (PID:28919) - INFO - Done Reading file ENCSR939BTN.rep2.subset
2021-09-22 15:07:19,691 (PID:28919) - INFO - Group ENCSR905NIK, number of experiments: 2, minexperiments: 1
2021-09-22 15:07:19,692 (PID:28919) - INFO - Reading bam file bam/ENCSR905NIK.rep1.subset.bam
2021-09-22 15:07:19,724 (PID:28919) - INFO - Detect Intron retention ENCSR905NIK.rep1.subset
2021-09-22 15:07:19,760 (PID:28919) - INFO - Done Reading file ENCSR905NIK.rep1.subset
2021-09-22 15:07:19,772 (PID:28919) - INFO - Reading bam file bam/ENCSR905NIK.rep2.subset.bam
2021-09-22 15:07:19,804 (PID:28919) - INFO - Detect Intron retention ENCSR905NIK.rep2.subset
2021-09-22 15:07:19,837 (PID:28919) - INFO - Done Reading file ENCSR905NIK.rep2.subset
2021-09-22 15:07:19,848 (PID:28919) - INFO - Group ENCSR929JKA, number of experiments: 2, minexperiments: 1
2021-09-22 15:07:19,849 (PID:28919) - INFO - Reading bam file bam/ENCSR929JKA.rep1.subset.bam
2021-09-22 15:07:19,885 (PID:28919) - INFO - Detect Intron retention ENCSR929JKA.rep1.subset
2021-09-22 15:07:19,922 (PID:28919) - INFO - Done Reading file ENCSR929JKA.rep1.subset
2021-09-22 15:07:19,931 (PID:28919) - INFO - Reading bam file bam/ENCSR929JKA.rep2.subset.bam
2021-09-22 15:07:19,974 (PID:28919) - INFO - Detect Intron retention ENCSR929JKA.rep2.subset
2021-09-22 15:07:20,016 (PID:28919) - INFO - Done Reading file ENCSR929JKA.rep2.subset
2021-09-22 15:07:20,030 (PID:28919) - INFO - Group ENCSR471INA, number of experiments: 2, minexperiments: 1
2021-09-22 15:07:20,030 (PID:28919) - INFO - Reading bam file bam/ENCSR471INA.rep1.subset.bam
2021-09-22 15:07:20,058 (PID:28919) - INFO - Detect Intron retention ENCSR471INA.rep1.subset
2021-09-22 15:07:20,084 (PID:28919) - INFO - Done Reading file ENCSR471INA.rep1.subset
2021-09-22 15:07:20,094 (PID:28919) - INFO - Reading bam file bam/ENCSR471INA.rep2.subset.bam
2021-09-22 15:07:20,112 (PID:28919) - INFO - Detect Intron retention ENCSR471INA.rep2.subset
2021-09-22 15:07:20,130 (PID:28919) - INFO - Done Reading file ENCSR471INA.rep2.subset
2021-09-22 15:07:20,142 (PID:28919) - INFO - Group ENCSR005JBU, number of experiments: 1, minexperiments: 1
2021-09-22 15:07:20,142 (PID:28919) - INFO - Reading bam file bam/ENCSR005JBU.rep2.subset.bam
2021-09-22 15:07:20,167 (PID:28919) - INFO - Detect Intron retention ENCSR005JBU.rep2.subset
2021-09-22 15:07:20,191 (PID:28919) - INFO - Done Reading file ENCSR005JBU.rep2.subset
2021-09-22 15:07:20,202 (PID:28919) - INFO - Group ENCSR772DUM, number of experiments: 2, minexperiments: 1
2021-09-22 15:07:20,202 (PID:28919) - INFO - Reading bam file bam/ENCSR772DUM.rep1.subset.bam
2021-09-22 15:07:20,225 (PID:28919) - INFO - Detect Intron retention ENCSR772DUM.rep1.subset
2021-09-22 15:07:20,245 (PID:28919) - INFO - Done Reading file ENCSR772DUM.rep1.subset
2021-09-22 15:07:20,255 (PID:28919) - INFO - Reading bam file bam/ENCSR772DUM.rep2.subset.bam
2021-09-22 15:07:20,278 (PID:28919) - INFO - Detect Intron retention ENCSR772DUM.rep2.subset
2021-09-22 15:07:20,301 (PID:28919) - INFO - Done Reading file ENCSR772DUM.rep2.subset
2021-09-22 15:07:20,311 (PID:28919) - INFO - Group ENCSR015KGT, number of experiments: 1, minexperiments: 1
2021-09-22 15:07:20,311 (PID:28919) - INFO - Reading bam file bam/ENCSR015KGT.rep1.subset.bam
2021-09-22 15:07:20,364 (PID:28919) - INFO - Detect Intron retention ENCSR015KGT.rep1.subset
2021-09-22 15:07:20,428 (PID:28919) - INFO - Done Reading file ENCSR015KGT.rep1.subset
2021-09-22 15:07:20,438 (PID:28919) - INFO - Group ENCSR163JUC, number of experiments: 1, minexperiments: 1
2021-09-22 15:07:20,438 (PID:28919) - INFO - Reading bam file bam/ENCSR163JUC.rep2.subset.bam
2021-09-22 15:07:20,465 (PID:28919) - INFO - Detect Intron retention ENCSR163JUC.rep2.subset
2021-09-22 15:07:20,490 (PID:28919) - INFO - Done Reading file ENCSR163JUC.rep2.subset
2021-09-22 15:07:20,501 (PID:28919) - INFO - Group ENCSR805TIZ, number of experiments: 2, minexperiments: 1
2021-09-22 15:07:20,502 (PID:28919) - INFO - Reading bam file bam/ENCSR805TIZ.rep1.subset.bam
2021-09-22 15:07:20,516 (PID:28919) - INFO - Detect Intron retention ENCSR805TIZ.rep1.subset
2021-09-22 15:07:20,527 (PID:28919) - INFO - Done Reading file ENCSR805TIZ.rep1.subset
2021-09-22 15:07:20,537 (PID:28919) - INFO - Reading bam file bam/ENCSR805TIZ.rep2.subset.bam
2021-09-22 15:07:20,594 (PID:28919) - INFO - Detect Intron retention ENCSR805TIZ.rep2.subset
2021-09-22 15:07:20,655 (PID:28919) - INFO - Done Reading file ENCSR805TIZ.rep2.subset
2021-09-22 15:07:20,666 (PID:28919) - INFO - Group ENCSR853AOV, number of experiments: 2, minexperiments: 1
2021-09-22 15:07:20,667 (PID:28919) - INFO - Reading bam file bam/ENCSR853AOV.rep1.subset.bam
2021-09-22 15:07:20,711 (PID:28919) - INFO - Detect Intron retention ENCSR853AOV.rep1.subset
2021-09-22 15:07:20,753 (PID:28919) - INFO - Done Reading file ENCSR853AOV.rep1.subset
2021-09-22 15:07:20,763 (PID:28919) - INFO - Reading bam file bam/ENCSR853AOV.rep2.subset.bam
2021-09-22 15:07:20,781 (PID:28919) - INFO - Detect Intron retention ENCSR853AOV.rep2.subset
2021-09-22 15:07:20,796 (PID:28919) - INFO - Done Reading file ENCSR853AOV.rep2.subset
2021-09-22 15:07:20,807 (PID:28919) - INFO - Group ENCSR105NML, number of experiments: 1, minexperiments: 1
2021-09-22 15:07:20,807 (PID:28919) - INFO - Reading bam file bam/ENCSR105NML.rep1.subset.bam
2021-09-22 15:07:20,829 (PID:28919) - INFO - Detect Intron retention ENCSR105NML.rep1.subset
2021-09-22 15:07:20,845 (PID:28919) - INFO - Done Reading file ENCSR105NML.rep1.subset
2021-09-22 15:07:20,856 (PID:28919) - INFO - Group ENCSR194SPW, number of experiments: 1, minexperiments: 1
2021-09-22 15:07:20,856 (PID:28919) - INFO - Reading bam file bam/ENCSR194SPW.rep2.subset.bam
2021-09-22 15:07:20,876 (PID:28919) - INFO - Detect Intron retention ENCSR194SPW.rep2.subset
2021-09-22 15:07:20,891 (PID:28919) - INFO - Done Reading file ENCSR194SPW.rep2.subset
2021-09-22 15:07:20,903 (PID:28919) - INFO - Detecting LSVs ngenes: 8 
2021-09-22 15:07:20,981 (PID:28919) - INFO - 128 LSV found
2021-09-22 15:07:20,981 (PID:28919) - INFO - DUMP file b'ENCSR939BTN.rep1.subset'
2021-09-22 15:07:21,019 (PID:28919) - INFO - Create majiq file
2021-09-22 15:07:21,025 (PID:28919) - INFO - Dump majiq file
2021-09-22 15:07:21,041 (PID:28919) - INFO - ENCSR939BTN.rep1.subset: 110 LSVs
2021-09-22 15:07:21,041 (PID:28919) - INFO - DUMP file b'ENCSR939BTN.rep2.subset'
2021-09-22 15:07:21,065 (PID:28919) - INFO - Create majiq file
2021-09-22 15:07:21,070 (PID:28919) - INFO - Dump majiq file
2021-09-22 15:07:21,080 (PID:28919) - INFO - ENCSR939BTN.rep2.subset: 110 LSVs
2021-09-22 15:07:21,081 (PID:28919) - INFO - DUMP file b'ENCSR905NIK.rep1.subset'
2021-09-22 15:07:21,104 (PID:28919) - INFO - Create majiq file
2021-09-22 15:07:21,108 (PID:28919) - INFO - Dump majiq file
2021-09-22 15:07:21,118 (PID:28919) - INFO - ENCSR905NIK.rep1.subset: 110 LSVs
2021-09-22 15:07:21,119 (PID:28919) - INFO - DUMP file b'ENCSR905NIK.rep2.subset'
2021-09-22 15:07:21,143 (PID:28919) - INFO - Create majiq file
2021-09-22 15:07:21,148 (PID:28919) - INFO - Dump majiq file
2021-09-22 15:07:21,158 (PID:28919) - INFO - ENCSR905NIK.rep2.subset: 110 LSVs
2021-09-22 15:07:21,159 (PID:28919) - INFO - DUMP file b'ENCSR929JKA.rep1.subset'
2021-09-22 15:07:21,177 (PID:28919) - INFO - Create majiq file
2021-09-22 15:07:21,181 (PID:28919) - INFO - Dump majiq file
2021-09-22 15:07:21,192 (PID:28919) - INFO - ENCSR929JKA.rep1.subset: 110 LSVs
2021-09-22 15:07:21,193 (PID:28919) - INFO - DUMP file b'ENCSR929JKA.rep2.subset'
2021-09-22 15:07:21,217 (PID:28919) - INFO - Create majiq file
2021-09-22 15:07:21,222 (PID:28919) - INFO - Dump majiq file
2021-09-22 15:07:21,231 (PID:28919) - INFO - ENCSR929JKA.rep2.subset: 110 LSVs
2021-09-22 15:07:21,232 (PID:28919) - INFO - DUMP file b'ENCSR471INA.rep1.subset'
2021-09-22 15:07:21,253 (PID:28919) - INFO - Create majiq file
2021-09-22 15:07:21,257 (PID:28919) - INFO - Dump majiq file
2021-09-22 15:07:21,266 (PID:28919) - INFO - ENCSR471INA.rep1.subset: 110 LSVs
2021-09-22 15:07:21,266 (PID:28919) - INFO - DUMP file b'ENCSR471INA.rep2.subset'
2021-09-22 15:07:21,284 (PID:28919) - INFO - Create majiq file
2021-09-22 15:07:21,288 (PID:28919) - INFO - Dump majiq file
2021-09-22 15:07:21,299 (PID:28919) - INFO - ENCSR471INA.rep2.subset: 110 LSVs
2021-09-22 15:07:21,300 (PID:28919) - INFO - DUMP file b'ENCSR005JBU.rep2.subset'
2021-09-22 15:07:21,328 (PID:28919) - INFO - Create majiq file
2021-09-22 15:07:21,332 (PID:28919) - INFO - Dump majiq file
2021-09-22 15:07:21,341 (PID:28919) - INFO - ENCSR005JBU.rep2.subset: 110 LSVs
2021-09-22 15:07:21,342 (PID:28919) - INFO - DUMP file b'ENCSR772DUM.rep1.subset'
2021-09-22 15:07:21,366 (PID:28919) - INFO - Create majiq file
2021-09-22 15:07:21,371 (PID:28919) - INFO - Dump majiq file
2021-09-22 15:07:21,381 (PID:28919) - INFO - ENCSR772DUM.rep1.subset: 110 LSVs
2021-09-22 15:07:21,382 (PID:28919) - INFO - DUMP file b'ENCSR772DUM.rep2.subset'
2021-09-22 15:07:21,402 (PID:28919) - INFO - Create majiq file
2021-09-22 15:07:21,407 (PID:28919) - INFO - Dump majiq file
2021-09-22 15:07:21,417 (PID:28919) - INFO - ENCSR772DUM.rep2.subset: 110 LSVs
2021-09-22 15:07:21,417 (PID:28919) - INFO - DUMP file b'ENCSR015KGT.rep1.subset'
2021-09-22 15:07:21,442 (PID:28919) - INFO - Create majiq file
2021-09-22 15:07:21,446 (PID:28919) - INFO - Dump majiq file
2021-09-22 15:07:21,454 (PID:28919) - INFO - ENCSR015KGT.rep1.subset: 110 LSVs
2021-09-22 15:07:21,455 (PID:28919) - INFO - DUMP file b'ENCSR163JUC.rep2.subset'
2021-09-22 15:07:21,478 (PID:28919) - INFO - Create majiq file
2021-09-22 15:07:21,484 (PID:28919) - INFO - Dump majiq file
2021-09-22 15:07:21,493 (PID:28919) - INFO - ENCSR163JUC.rep2.subset: 110 LSVs
2021-09-22 15:07:21,493 (PID:28919) - INFO - DUMP file b'ENCSR805TIZ.rep1.subset'
2021-09-22 15:07:21,514 (PID:28919) - INFO - Create majiq file
2021-09-22 15:07:21,519 (PID:28919) - INFO - Dump majiq file
2021-09-22 15:07:21,528 (PID:28919) - INFO - ENCSR805TIZ.rep1.subset: 110 LSVs
2021-09-22 15:07:21,529 (PID:28919) - INFO - DUMP file b'ENCSR805TIZ.rep2.subset'
2021-09-22 15:07:21,555 (PID:28919) - INFO - Create majiq file
2021-09-22 15:07:21,559 (PID:28919) - INFO - Dump majiq file
2021-09-22 15:07:21,570 (PID:28919) - INFO - ENCSR805TIZ.rep2.subset: 110 LSVs
2021-09-22 15:07:21,570 (PID:28919) - INFO - DUMP file b'ENCSR853AOV.rep1.subset'
2021-09-22 15:07:21,592 (PID:28919) - INFO - Create majiq file
2021-09-22 15:07:21,596 (PID:28919) - INFO - Dump majiq file
2021-09-22 15:07:21,607 (PID:28919) - INFO - ENCSR853AOV.rep1.subset: 110 LSVs
2021-09-22 15:07:21,608 (PID:28919) - INFO - DUMP file b'ENCSR853AOV.rep2.subset'
2021-09-22 15:07:21,628 (PID:28919) - INFO - Create majiq file
2021-09-22 15:07:21,634 (PID:28919) - INFO - Dump majiq file
2021-09-22 15:07:21,646 (PID:28919) - INFO - ENCSR853AOV.rep2.subset: 110 LSVs
2021-09-22 15:07:21,646 (PID:28919) - INFO - DUMP file b'ENCSR105NML.rep1.subset'
2021-09-22 15:07:21,667 (PID:28919) - INFO - Create majiq file
2021-09-22 15:07:21,672 (PID:28919) - INFO - Dump majiq file
2021-09-22 15:07:21,681 (PID:28919) - INFO - ENCSR105NML.rep1.subset: 110 LSVs
2021-09-22 15:07:21,682 (PID:28919) - INFO - DUMP file b'ENCSR194SPW.rep2.subset'
2021-09-22 15:07:21,703 (PID:28919) - INFO - Create majiq file
2021-09-22 15:07:21,707 (PID:28919) - INFO - Dump majiq file
2021-09-22 15:07:21,717 (PID:28919) - INFO - ENCSR194SPW.rep2.subset: 110 LSVs
2021-09-22 15:07:21,775 (PID:28919) - INFO - MAJIQ Builder is ended successfully!
