scanning 1/60: /projectnb/cepinet/users/zhiyuanzhu/Individual_Data/All/WB_LJ_A1-WT_S20_Aligned.sortedByCoord.rm_dup.bam.junc ...
scanning 2/60: /projectnb/cepinet/users/zhiyuanzhu/Individual_Data/All/WB_LJ_A10-Mut_S54_Aligned.sortedByCoord.rm_dup.bam.junc ...
scanning 3/60: /projectnb/cepinet/users/zhiyuanzhu/Individual_Data/All/WB_LJ_A10-WT_S29_Aligned.sortedByCoord.rm_dup.bam.junc ...
scanning 4/60: /projectnb/cepinet/users/zhiyuanzhu/Individual_Data/All/WB_LJ_A11-Mut_S55_Aligned.sortedByCoord.rm_dup.bam.junc ...
scanning 5/60: /projectnb/cepinet/users/zhiyuanzhu/Individual_Data/All/WB_LJ_A11-WT_S30_Aligned.sortedByCoord.rm_dup.bam.junc ...
scanning 6/60: /projectnb/cepinet/users/zhiyuanzhu/Individual_Data/All/WB_LJ_A12-Mut_S56_Aligned.sortedByCoord.rm_dup.bam.junc ...
scanning 7/60: /projectnb/cepinet/users/zhiyuanzhu/Individual_Data/All/WB_LJ_A12-WT_S31_Aligned.sortedByCoord.rm_dup.bam.junc ...
scanning 8/60: /projectnb/cepinet/users/zhiyuanzhu/Individual_Data/All/WB_LJ_A13-Mut_S57_Aligned.sortedByCoord.rm_dup.bam.junc ...
scanning 9/60: /projectnb/cepinet/users/zhiyuanzhu/Individual_Data/All/WB_LJ_A13-WT_S32_Aligned.sortedByCoord.rm_dup.bam.junc ...
scanning 10/60: /projectnb/cepinet/users/zhiyuanzhu/Individual_Data/All/WB_LJ_A14-WT_S33_Aligned.sortedByCoord.rm_dup.bam.junc ...
scanning 11/60: /projectnb/cepinet/users/zhiyuanzhu/Individual_Data/All/WB_LJ_A15-Mut_S58_Aligned.sortedByCoord.rm_dup.bam.junc ...
scanning 12/60: /projectnb/cepinet/users/zhiyuanzhu/Individual_Data/All/WB_LJ_A15-WT_S34_Aligned.sortedByCoord.rm_dup.bam.junc ...
scanning 13/60: /projectnb/cepinet/users/zhiyuanzhu/Individual_Data/All/WB_LJ_A16-Mut_S59_Aligned.sortedByCoord.rm_dup.bam.junc ...
scanning 14/60: /projectnb/cepinet/users/zhiyuanzhu/Individual_Data/All/WB_LJ_A16-WT_S35_Aligned.sortedByCoord.rm_dup.bam.junc ...
scanning 15/60: /projectnb/cepinet/users/zhiyuanzhu/Individual_Data/All/WB_LJ_A17-WT_S36_Aligned.sortedByCoord.rm_dup.bam.junc ...
scanning 16/60: /projectnb/cepinet/users/zhiyuanzhu/Individual_Data/All/WB_LJ_A18-Mut_S60_Aligned.sortedByCoord.rm_dup.bam.junc ...
scanning 17/60: /projectnb/cepinet/users/zhiyuanzhu/Individual_Data/All/WB_LJ_A18-WT_S37_Aligned.sortedByCoord.rm_dup.bam.junc ...
scanning 18/60: /projectnb/cepinet/users/zhiyuanzhu/Individual_Data/All/WB_LJ_A19-WT_S38_Aligned.sortedByCoord.rm_dup.bam.junc ...
scanning 19/60: /projectnb/cepinet/users/zhiyuanzhu/Individual_Data/All/WB_LJ_A2-WT_S21_Aligned.sortedByCoord.rm_dup.bam.junc ...
scanning 20/60: /projectnb/cepinet/users/zhiyuanzhu/Individual_Data/All/WB_LJ_A3-WT_S22_Aligned.sortedByCoord.rm_dup.bam.junc ...
scanning 21/60: /projectnb/cepinet/users/zhiyuanzhu/Individual_Data/All/WB_LJ_A4-Mut_S50_Aligned.sortedByCoord.rm_dup.bam.junc ...
scanning 22/60: /projectnb/cepinet/users/zhiyuanzhu/Individual_Data/All/WB_LJ_A4-WT_S23_Aligned.sortedByCoord.rm_dup.bam.junc ...
scanning 23/60: /projectnb/cepinet/users/zhiyuanzhu/Individual_Data/All/WB_LJ_A5-Mut_S51_Aligned.sortedByCoord.rm_dup.bam.junc ...
scanning 24/60: /projectnb/cepinet/users/zhiyuanzhu/Individual_Data/All/WB_LJ_A5-WT_S24_Aligned.sortedByCoord.rm_dup.bam.junc ...
scanning 25/60: /projectnb/cepinet/users/zhiyuanzhu/Individual_Data/All/WB_LJ_A6-Mut_S52_Aligned.sortedByCoord.rm_dup.bam.junc ...
scanning 26/60: /projectnb/cepinet/users/zhiyuanzhu/Individual_Data/All/WB_LJ_A6-WT_S25_Aligned.sortedByCoord.rm_dup.bam.junc ...
scanning 27/60: /projectnb/cepinet/users/zhiyuanzhu/Individual_Data/All/WB_LJ_A7-WT_S26_Aligned.sortedByCoord.rm_dup.bam.junc ...
scanning 28/60: /projectnb/cepinet/users/zhiyuanzhu/Individual_Data/All/WB_LJ_A8-Mut_S53_Aligned.sortedByCoord.rm_dup.bam.junc ...
scanning 29/60: /projectnb/cepinet/users/zhiyuanzhu/Individual_Data/All/WB_LJ_A8-WT_S27_Aligned.sortedByCoord.rm_dup.bam.junc ...
scanning 30/60: /projectnb/cepinet/users/zhiyuanzhu/Individual_Data/All/WB_LJ_A9-WT_S28_Aligned.sortedByCoord.rm_dup.bam.junc ...
scanning 31/60: /projectnb/cepinet/users/zhiyuanzhu/Individual_Data/All/WB_LJ_C1-WT_S1_Aligned.sortedByCoord.rm_dup.bam.junc ...
scanning 32/60: /projectnb/cepinet/users/zhiyuanzhu/Individual_Data/All/WB_LJ_C10-Mut_S42_Aligned.sortedByCoord.rm_dup.bam.junc ...
scanning 33/60: /projectnb/cepinet/users/zhiyuanzhu/Individual_Data/All/WB_LJ_C10-WT_S10_Aligned.sortedByCoord.rm_dup.bam.junc ...
scanning 34/60: /projectnb/cepinet/users/zhiyuanzhu/Individual_Data/All/WB_LJ_C11-Mut_S43_Aligned.sortedByCoord.rm_dup.bam.junc ...
scanning 35/60: /projectnb/cepinet/users/zhiyuanzhu/Individual_Data/All/WB_LJ_C11-WT_S11_Aligned.sortedByCoord.rm_dup.bam.junc ...
scanning 36/60: /projectnb/cepinet/users/zhiyuanzhu/Individual_Data/All/WB_LJ_C12-Mut_S44_Aligned.sortedByCoord.rm_dup.bam.junc ...
scanning 37/60: /projectnb/cepinet/users/zhiyuanzhu/Individual_Data/All/WB_LJ_C12-WT_S12_Aligned.sortedByCoord.rm_dup.bam.junc ...
scanning 38/60: /projectnb/cepinet/users/zhiyuanzhu/Individual_Data/All/WB_LJ_C13-WT_S13_Aligned.sortedByCoord.rm_dup.bam.junc ...
scanning 39/60: /projectnb/cepinet/users/zhiyuanzhu/Individual_Data/All/WB_LJ_C14-WT_S14_Aligned.sortedByCoord.rm_dup.bam.junc ...
scanning 40/60: /projectnb/cepinet/users/zhiyuanzhu/Individual_Data/All/WB_LJ_C15-Mut_S45_Aligned.sortedByCoord.rm_dup.bam.junc ...
scanning 41/60: /projectnb/cepinet/users/zhiyuanzhu/Individual_Data/All/WB_LJ_C15-WT_S15_Aligned.sortedByCoord.rm_dup.bam.junc ...
scanning 42/60: /projectnb/cepinet/users/zhiyuanzhu/Individual_Data/All/WB_LJ_C16-Mut_S46_Aligned.sortedByCoord.rm_dup.bam.junc ...
scanning 43/60: /projectnb/cepinet/users/zhiyuanzhu/Individual_Data/All/WB_LJ_C16-WT_S16_Aligned.sortedByCoord.rm_dup.bam.junc ...
scanning 44/60: /projectnb/cepinet/users/zhiyuanzhu/Individual_Data/All/WB_LJ_C17-Mut_S47_Aligned.sortedByCoord.rm_dup.bam.junc ...
scanning 45/60: /projectnb/cepinet/users/zhiyuanzhu/Individual_Data/All/WB_LJ_C17-WT_S17_Aligned.sortedByCoord.rm_dup.bam.junc ...
scanning 46/60: /projectnb/cepinet/users/zhiyuanzhu/Individual_Data/All/WB_LJ_C18-Mut_S48_Aligned.sortedByCoord.rm_dup.bam.junc ...
scanning 47/60: /projectnb/cepinet/users/zhiyuanzhu/Individual_Data/All/WB_LJ_C18-WT_S18_Aligned.sortedByCoord.rm_dup.bam.junc ...
scanning 48/60: /projectnb/cepinet/users/zhiyuanzhu/Individual_Data/All/WB_LJ_C19-Mut_S49_Aligned.sortedByCoord.rm_dup.bam.junc ...
scanning 49/60: /projectnb/cepinet/users/zhiyuanzhu/Individual_Data/All/WB_LJ_C19-WT_S19_Aligned.sortedByCoord.rm_dup.bam.junc ...
scanning 50/60: /projectnb/cepinet/users/zhiyuanzhu/Individual_Data/All/WB_LJ_C2-WT_S2_Aligned.sortedByCoord.rm_dup.bam.junc ...
scanning 51/60: /projectnb/cepinet/users/zhiyuanzhu/Individual_Data/All/WB_LJ_C3-WT_S3_Aligned.sortedByCoord.rm_dup.bam.junc ...
scanning 52/60: /projectnb/cepinet/users/zhiyuanzhu/Individual_Data/All/WB_LJ_C4-WT_S4_Aligned.sortedByCoord.rm_dup.bam.junc ...
scanning 53/60: /projectnb/cepinet/users/zhiyuanzhu/Individual_Data/All/WB_LJ_C5-Mut_S39_Aligned.sortedByCoord.rm_dup.bam.junc ...
scanning 54/60: /projectnb/cepinet/users/zhiyuanzhu/Individual_Data/All/WB_LJ_C5-WT_S5_Aligned.sortedByCoord.rm_dup.bam.junc ...
scanning 55/60: /projectnb/cepinet/users/zhiyuanzhu/Individual_Data/All/WB_LJ_C6-WT_S6_Aligned.sortedByCoord.rm_dup.bam.junc ...
scanning 56/60: /projectnb/cepinet/users/zhiyuanzhu/Individual_Data/All/WB_LJ_C7-Mut_S40_Aligned.sortedByCoord.rm_dup.bam.junc ...
scanning 57/60: /projectnb/cepinet/users/zhiyuanzhu/Individual_Data/All/WB_LJ_C7-WT_S7_Aligned.sortedByCoord.rm_dup.bam.junc ...
scanning 58/60: /projectnb/cepinet/users/zhiyuanzhu/Individual_Data/All/WB_LJ_C8-Mut_S41_Aligned.sortedByCoord.rm_dup.bam.junc ...
scanning 59/60: /projectnb/cepinet/users/zhiyuanzhu/Individual_Data/All/WB_LJ_C8-WT_S8_Aligned.sortedByCoord.rm_dup.bam.junc ...
scanning 60/60: /projectnb/cepinet/users/zhiyuanzhu/Individual_Data/All/WB_LJ_C9-WT_S9_Aligned.sortedByCoord.rm_dup.bam.junc ...
Parsing...
1:-..1:+..10:+..10:-..11:-..11:+..12:+..12:-..13:-..13:+..14:+..14:-..15:+..15:-..16:-..16:+..17:-..17:+..18:+..18:-..19:-..19:+..2:-..2:+..20:-..20:+..21:+..21:-..22:+..22:-..3:+..3:-..4:+..4:-..5:+..5:-..6:-..6:+..7:-..7:+..8:-..8:+..9:-..9:+..X:+..X:-..Y:+..Y:-..
Wrote 57271 clusters...
Split into 10067 clusters...
Sorting 1/60: /projectnb/cepinet/users/zhiyuanzhu/Individual_Data/All/WB_LJ_A1-WT_S20_Aligned.sortedByCoord.rm_dup.bam.junc ...
Sorting 2/60: /projectnb/cepinet/users/zhiyuanzhu/Individual_Data/All/WB_LJ_A10-Mut_S54_Aligned.sortedByCoord.rm_dup.bam.junc ...
Sorting 3/60: /projectnb/cepinet/users/zhiyuanzhu/Individual_Data/All/WB_LJ_A10-WT_S29_Aligned.sortedByCoord.rm_dup.bam.junc ...
Sorting 4/60: /projectnb/cepinet/users/zhiyuanzhu/Individual_Data/All/WB_LJ_A11-Mut_S55_Aligned.sortedByCoord.rm_dup.bam.junc ...
Sorting 5/60: /projectnb/cepinet/users/zhiyuanzhu/Individual_Data/All/WB_LJ_A11-WT_S30_Aligned.sortedByCoord.rm_dup.bam.junc ...
Sorting 6/60: /projectnb/cepinet/users/zhiyuanzhu/Individual_Data/All/WB_LJ_A12-Mut_S56_Aligned.sortedByCoord.rm_dup.bam.junc ...
Sorting 7/60: /projectnb/cepinet/users/zhiyuanzhu/Individual_Data/All/WB_LJ_A12-WT_S31_Aligned.sortedByCoord.rm_dup.bam.junc ...
Sorting 8/60: /projectnb/cepinet/users/zhiyuanzhu/Individual_Data/All/WB_LJ_A13-Mut_S57_Aligned.sortedByCoord.rm_dup.bam.junc ...
Sorting 9/60: /projectnb/cepinet/users/zhiyuanzhu/Individual_Data/All/WB_LJ_A13-WT_S32_Aligned.sortedByCoord.rm_dup.bam.junc ...
Sorting 10/60: /projectnb/cepinet/users/zhiyuanzhu/Individual_Data/All/WB_LJ_A14-WT_S33_Aligned.sortedByCoord.rm_dup.bam.junc ...
Sorting 11/60: /projectnb/cepinet/users/zhiyuanzhu/Individual_Data/All/WB_LJ_A15-Mut_S58_Aligned.sortedByCoord.rm_dup.bam.junc ...
Sorting 12/60: /projectnb/cepinet/users/zhiyuanzhu/Individual_Data/All/WB_LJ_A15-WT_S34_Aligned.sortedByCoord.rm_dup.bam.junc ...
Sorting 13/60: /projectnb/cepinet/users/zhiyuanzhu/Individual_Data/All/WB_LJ_A16-Mut_S59_Aligned.sortedByCoord.rm_dup.bam.junc ...
Sorting 14/60: /projectnb/cepinet/users/zhiyuanzhu/Individual_Data/All/WB_LJ_A16-WT_S35_Aligned.sortedByCoord.rm_dup.bam.junc ...
Sorting 15/60: /projectnb/cepinet/users/zhiyuanzhu/Individual_Data/All/WB_LJ_A17-WT_S36_Aligned.sortedByCoord.rm_dup.bam.junc ...
Sorting 16/60: /projectnb/cepinet/users/zhiyuanzhu/Individual_Data/All/WB_LJ_A18-Mut_S60_Aligned.sortedByCoord.rm_dup.bam.junc ...
Sorting 17/60: /projectnb/cepinet/users/zhiyuanzhu/Individual_Data/All/WB_LJ_A18-WT_S37_Aligned.sortedByCoord.rm_dup.bam.junc ...
Sorting 18/60: /projectnb/cepinet/users/zhiyuanzhu/Individual_Data/All/WB_LJ_A19-WT_S38_Aligned.sortedByCoord.rm_dup.bam.junc ...
Sorting 19/60: /projectnb/cepinet/users/zhiyuanzhu/Individual_Data/All/WB_LJ_A2-WT_S21_Aligned.sortedByCoord.rm_dup.bam.junc ...
Sorting 20/60: /projectnb/cepinet/users/zhiyuanzhu/Individual_Data/All/WB_LJ_A3-WT_S22_Aligned.sortedByCoord.rm_dup.bam.junc ...
Sorting 21/60: /projectnb/cepinet/users/zhiyuanzhu/Individual_Data/All/WB_LJ_A4-Mut_S50_Aligned.sortedByCoord.rm_dup.bam.junc ...
Sorting 22/60: /projectnb/cepinet/users/zhiyuanzhu/Individual_Data/All/WB_LJ_A4-WT_S23_Aligned.sortedByCoord.rm_dup.bam.junc ...
Sorting 23/60: /projectnb/cepinet/users/zhiyuanzhu/Individual_Data/All/WB_LJ_A5-Mut_S51_Aligned.sortedByCoord.rm_dup.bam.junc ...
Sorting 24/60: /projectnb/cepinet/users/zhiyuanzhu/Individual_Data/All/WB_LJ_A5-WT_S24_Aligned.sortedByCoord.rm_dup.bam.junc ...
Sorting 25/60: /projectnb/cepinet/users/zhiyuanzhu/Individual_Data/All/WB_LJ_A6-Mut_S52_Aligned.sortedByCoord.rm_dup.bam.junc ...
Sorting 26/60: /projectnb/cepinet/users/zhiyuanzhu/Individual_Data/All/WB_LJ_A6-WT_S25_Aligned.sortedByCoord.rm_dup.bam.junc ...
Sorting 27/60: /projectnb/cepinet/users/zhiyuanzhu/Individual_Data/All/WB_LJ_A7-WT_S26_Aligned.sortedByCoord.rm_dup.bam.junc ...
Sorting 28/60: /projectnb/cepinet/users/zhiyuanzhu/Individual_Data/All/WB_LJ_A8-Mut_S53_Aligned.sortedByCoord.rm_dup.bam.junc ...
Sorting 29/60: /projectnb/cepinet/users/zhiyuanzhu/Individual_Data/All/WB_LJ_A8-WT_S27_Aligned.sortedByCoord.rm_dup.bam.junc ...
Sorting 30/60: /projectnb/cepinet/users/zhiyuanzhu/Individual_Data/All/WB_LJ_A9-WT_S28_Aligned.sortedByCoord.rm_dup.bam.junc ...
Sorting 31/60: /projectnb/cepinet/users/zhiyuanzhu/Individual_Data/All/WB_LJ_C1-WT_S1_Aligned.sortedByCoord.rm_dup.bam.junc ...
Sorting 32/60: /projectnb/cepinet/users/zhiyuanzhu/Individual_Data/All/WB_LJ_C10-Mut_S42_Aligned.sortedByCoord.rm_dup.bam.junc ...
Sorting 33/60: /projectnb/cepinet/users/zhiyuanzhu/Individual_Data/All/WB_LJ_C10-WT_S10_Aligned.sortedByCoord.rm_dup.bam.junc ...
Sorting 34/60: /projectnb/cepinet/users/zhiyuanzhu/Individual_Data/All/WB_LJ_C11-Mut_S43_Aligned.sortedByCoord.rm_dup.bam.junc ...
Sorting 35/60: /projectnb/cepinet/users/zhiyuanzhu/Individual_Data/All/WB_LJ_C11-WT_S11_Aligned.sortedByCoord.rm_dup.bam.junc ...
Sorting 36/60: /projectnb/cepinet/users/zhiyuanzhu/Individual_Data/All/WB_LJ_C12-Mut_S44_Aligned.sortedByCoord.rm_dup.bam.junc ...
Sorting 37/60: /projectnb/cepinet/users/zhiyuanzhu/Individual_Data/All/WB_LJ_C12-WT_S12_Aligned.sortedByCoord.rm_dup.bam.junc ...
Sorting 38/60: /projectnb/cepinet/users/zhiyuanzhu/Individual_Data/All/WB_LJ_C13-WT_S13_Aligned.sortedByCoord.rm_dup.bam.junc ...
Sorting 39/60: /projectnb/cepinet/users/zhiyuanzhu/Individual_Data/All/WB_LJ_C14-WT_S14_Aligned.sortedByCoord.rm_dup.bam.junc ...
Sorting 40/60: /projectnb/cepinet/users/zhiyuanzhu/Individual_Data/All/WB_LJ_C15-Mut_S45_Aligned.sortedByCoord.rm_dup.bam.junc ...
Sorting 41/60: /projectnb/cepinet/users/zhiyuanzhu/Individual_Data/All/WB_LJ_C15-WT_S15_Aligned.sortedByCoord.rm_dup.bam.junc ...
Sorting 42/60: /projectnb/cepinet/users/zhiyuanzhu/Individual_Data/All/WB_LJ_C16-Mut_S46_Aligned.sortedByCoord.rm_dup.bam.junc ...
Sorting 43/60: /projectnb/cepinet/users/zhiyuanzhu/Individual_Data/All/WB_LJ_C16-WT_S16_Aligned.sortedByCoord.rm_dup.bam.junc ...
Sorting 44/60: /projectnb/cepinet/users/zhiyuanzhu/Individual_Data/All/WB_LJ_C17-Mut_S47_Aligned.sortedByCoord.rm_dup.bam.junc ...
Sorting 45/60: /projectnb/cepinet/users/zhiyuanzhu/Individual_Data/All/WB_LJ_C17-WT_S17_Aligned.sortedByCoord.rm_dup.bam.junc ...
Sorting 46/60: /projectnb/cepinet/users/zhiyuanzhu/Individual_Data/All/WB_LJ_C18-Mut_S48_Aligned.sortedByCoord.rm_dup.bam.junc ...
Sorting 47/60: /projectnb/cepinet/users/zhiyuanzhu/Individual_Data/All/WB_LJ_C18-WT_S18_Aligned.sortedByCoord.rm_dup.bam.junc ...
Sorting 48/60: /projectnb/cepinet/users/zhiyuanzhu/Individual_Data/All/WB_LJ_C19-Mut_S49_Aligned.sortedByCoord.rm_dup.bam.junc ...
Sorting 49/60: /projectnb/cepinet/users/zhiyuanzhu/Individual_Data/All/WB_LJ_C19-WT_S19_Aligned.sortedByCoord.rm_dup.bam.junc ...
Sorting 50/60: /projectnb/cepinet/users/zhiyuanzhu/Individual_Data/All/WB_LJ_C2-WT_S2_Aligned.sortedByCoord.rm_dup.bam.junc ...
Sorting 51/60: /projectnb/cepinet/users/zhiyuanzhu/Individual_Data/All/WB_LJ_C3-WT_S3_Aligned.sortedByCoord.rm_dup.bam.junc ...
Sorting 52/60: /projectnb/cepinet/users/zhiyuanzhu/Individual_Data/All/WB_LJ_C4-WT_S4_Aligned.sortedByCoord.rm_dup.bam.junc ...
Sorting 53/60: /projectnb/cepinet/users/zhiyuanzhu/Individual_Data/All/WB_LJ_C5-Mut_S39_Aligned.sortedByCoord.rm_dup.bam.junc ...
Sorting 54/60: /projectnb/cepinet/users/zhiyuanzhu/Individual_Data/All/WB_LJ_C5-WT_S5_Aligned.sortedByCoord.rm_dup.bam.junc ...
Sorting 55/60: /projectnb/cepinet/users/zhiyuanzhu/Individual_Data/All/WB_LJ_C6-WT_S6_Aligned.sortedByCoord.rm_dup.bam.junc ...
Sorting 56/60: /projectnb/cepinet/users/zhiyuanzhu/Individual_Data/All/WB_LJ_C7-Mut_S40_Aligned.sortedByCoord.rm_dup.bam.junc ...
Sorting 57/60: /projectnb/cepinet/users/zhiyuanzhu/Individual_Data/All/WB_LJ_C7-WT_S7_Aligned.sortedByCoord.rm_dup.bam.junc ...
Sorting 58/60: /projectnb/cepinet/users/zhiyuanzhu/Individual_Data/All/WB_LJ_C8-Mut_S41_Aligned.sortedByCoord.rm_dup.bam.junc ...
Sorting 59/60: /projectnb/cepinet/users/zhiyuanzhu/Individual_Data/All/WB_LJ_C8-WT_S8_Aligned.sortedByCoord.rm_dup.bam.junc ...
Sorting 60/60: /projectnb/cepinet/users/zhiyuanzhu/Individual_Data/All/WB_LJ_C9-WT_S9_Aligned.sortedByCoord.rm_dup.bam.junc ...
merging 60 junction files...
merging 60 files done.
/var/spool/sge/scc-ve2/job_scripts/2850551: line 16: syntax error near unexpected token `done'
/var/spool/sge/scc-ve2/job_scripts/2850551: line 16: `done'
